{"C:\\Users\\Márk\\OneDrive\\Desktop\\Vizsgaremek_PR_FM\\Vizsgaremek_PR_FM\\Backend\\app\\controllers\\applicationController.js": {"path":"C:\\Users\\Márk\\OneDrive\\Desktop\\Vizsgaremek_PR_FM\\Vizsgaremek_PR_FM\\Backend\\app\\controllers\\applicationController.js","statementMap":{"0":{"start":{"line":1,"column":13},"end":{"line":1,"column":36}},"1":{"start":{"line":3,"column":30},"end":{"line":83,"column":1}},"2":{"start":{"line":5,"column":4},"end":{"line":17,"column":36}},"3":{"start":{"line":6,"column":21},"end":{"line":15,"column":6}},"4":{"start":{"line":16,"column":6},"end":{"line":16,"column":21}},"5":{"start":{"line":17,"column":22},"end":{"line":17,"column":34}},"6":{"start":{"line":21,"column":4},"end":{"line":34,"column":36}},"7":{"start":{"line":22,"column":21},"end":{"line":22,"column":31}},"8":{"start":{"line":23,"column":21},"end":{"line":31,"column":12}},"9":{"start":{"line":32,"column":6},"end":{"line":32,"column":81}},"10":{"start":{"line":32,"column":29},"end":{"line":32,"column":81}},"11":{"start":{"line":33,"column":6},"end":{"line":33,"column":24}},"12":{"start":{"line":34,"column":22},"end":{"line":34,"column":34}},"13":{"start":{"line":38,"column":4},"end":{"line":55,"column":5}},"14":{"start":{"line":39,"column":91},"end":{"line":39,"column":99}},"15":{"start":{"line":42,"column":6},"end":{"line":44,"column":7}},"16":{"start":{"line":43,"column":8},"end":{"line":43,"column":81}},"17":{"start":{"line":46,"column":23},"end":{"line":49,"column":7}},"18":{"start":{"line":51,"column":6},"end":{"line":51,"column":87}},"19":{"start":{"line":53,"column":6},"end":{"line":53,"column":65}},"20":{"start":{"line":54,"column":6},"end":{"line":54,"column":18}},"21":{"start":{"line":59,"column":4},"end":{"line":70,"column":5}},"22":{"start":{"line":60,"column":21},"end":{"line":60,"column":31}},"23":{"start":{"line":61,"column":100},"end":{"line":61,"column":108}},"24":{"start":{"line":62,"column":23},"end":{"line":65,"column":7}},"25":{"start":{"line":66,"column":6},"end":{"line":66,"column":89}},"26":{"start":{"line":66,"column":37},"end":{"line":66,"column":89}},"27":{"start":{"line":67,"column":6},"end":{"line":67,"column":53}},"28":{"start":{"line":69,"column":6},"end":{"line":69,"column":18}},"29":{"start":{"line":74,"column":4},"end":{"line":81,"column":5}},"30":{"start":{"line":75,"column":21},"end":{"line":75,"column":31}},"31":{"start":{"line":76,"column":23},"end":{"line":76,"column":87}},"32":{"start":{"line":77,"column":6},"end":{"line":77,"column":89}},"33":{"start":{"line":77,"column":37},"end":{"line":77,"column":89}},"34":{"start":{"line":78,"column":6},"end":{"line":78,"column":51}},"35":{"start":{"line":80,"column":6},"end":{"line":80,"column":18}},"36":{"start":{"line":85,"column":0},"end":{"line":85,"column":39}}},"fnMap":{"0":{"name":"(anonymous_0)","decl":{"start":{"line":4,"column":10},"end":{"line":4,"column":11}},"loc":{"start":{"line":4,"column":36},"end":{"line":18,"column":3}},"line":4},"1":{"name":"(anonymous_1)","decl":{"start":{"line":20,"column":11},"end":{"line":20,"column":12}},"loc":{"start":{"line":20,"column":37},"end":{"line":35,"column":3}},"line":20},"2":{"name":"(anonymous_2)","decl":{"start":{"line":37,"column":10},"end":{"line":37,"column":11}},"loc":{"start":{"line":37,"column":36},"end":{"line":56,"column":3}},"line":37},"3":{"name":"(anonymous_3)","decl":{"start":{"line":58,"column":10},"end":{"line":58,"column":11}},"loc":{"start":{"line":58,"column":36},"end":{"line":71,"column":3}},"line":58},"4":{"name":"(anonymous_4)","decl":{"start":{"line":73,"column":10},"end":{"line":73,"column":11}},"loc":{"start":{"line":73,"column":36},"end":{"line":82,"column":3}},"line":73}},"branchMap":{"0":{"loc":{"start":{"line":32,"column":6},"end":{"line":32,"column":81}},"type":"if","locations":[{"start":{"line":32,"column":6},"end":{"line":32,"column":81}},{"start":{},"end":{}}],"line":32},"1":{"loc":{"start":{"line":42,"column":6},"end":{"line":44,"column":7}},"type":"if","locations":[{"start":{"line":42,"column":6},"end":{"line":44,"column":7}},{"start":{},"end":{}}],"line":42},"2":{"loc":{"start":{"line":42,"column":10},"end":{"line":42,"column":24}},"type":"binary-expr","locations":[{"start":{"line":42,"column":10},"end":{"line":42,"column":14}},{"start":{"line":42,"column":18},"end":{"line":42,"column":24}}],"line":42},"3":{"loc":{"start":{"line":66,"column":6},"end":{"line":66,"column":89}},"type":"if","locations":[{"start":{"line":66,"column":6},"end":{"line":66,"column":89}},{"start":{},"end":{}}],"line":66},"4":{"loc":{"start":{"line":77,"column":6},"end":{"line":77,"column":89}},"type":"if","locations":[{"start":{"line":77,"column":6},"end":{"line":77,"column":89}},{"start":{},"end":{}}],"line":77}},"s":{"0":0,"1":0,"2":0,"3":0,"4":0,"5":0,"6":0,"7":0,"8":0,"9":0,"10":0,"11":0,"12":0,"13":0,"14":0,"15":0,"16":0,"17":0,"18":0,"19":0,"20":0,"21":0,"22":0,"23":0,"24":0,"25":0,"26":0,"27":0,"28":0,"29":0,"30":0,"31":0,"32":0,"33":0,"34":0,"35":0,"36":0},"f":{"0":0,"1":0,"2":0,"3":0,"4":0},"b":{"0":[0,0],"1":[0,0],"2":[0,0],"3":[0,0],"4":[0,0]}}
,"C:\\Users\\Márk\\OneDrive\\Desktop\\Vizsgaremek_PR_FM\\Vizsgaremek_PR_FM\\Backend\\app\\controllers\\authController.js": {"path":"C:\\Users\\Márk\\OneDrive\\Desktop\\Vizsgaremek_PR_FM\\Vizsgaremek_PR_FM\\Backend\\app\\controllers\\authController.js","statementMap":{"0":{"start":{"line":1,"column":13},"end":{"line":1,"column":36}},"1":{"start":{"line":2,"column":18},"end":{"line":2,"column":48}},"2":{"start":{"line":3,"column":12},"end":{"line":3,"column":35}},"3":{"start":{"line":5,"column":19},"end":{"line":5,"column":82}},"4":{"start":{"line":7,"column":23},"end":{"line":134,"column":1}},"5":{"start":{"line":10,"column":4},"end":{"line":64,"column":5}},"6":{"start":{"line":11,"column":51},"end":{"line":11,"column":59}},"7":{"start":{"line":14,"column":6},"end":{"line":16,"column":7}},"8":{"start":{"line":15,"column":8},"end":{"line":15,"column":81}},"9":{"start":{"line":18,"column":6},"end":{"line":20,"column":7}},"10":{"start":{"line":19,"column":8},"end":{"line":19,"column":104}},"11":{"start":{"line":23,"column":27},"end":{"line":23,"column":63}},"12":{"start":{"line":24,"column":6},"end":{"line":26,"column":7}},"13":{"start":{"line":25,"column":8},"end":{"line":25,"column":82}},"14":{"start":{"line":28,"column":28},"end":{"line":28,"column":62}},"15":{"start":{"line":29,"column":6},"end":{"line":31,"column":7}},"16":{"start":{"line":30,"column":8},"end":{"line":30,"column":87}},"17":{"start":{"line":34,"column":23},"end":{"line":34,"column":44}},"18":{"start":{"line":35,"column":21},"end":{"line":40,"column":8}},"19":{"start":{"line":42,"column":6},"end":{"line":42,"column":57}},"20":{"start":{"line":45,"column":20},"end":{"line":49,"column":7}},"21":{"start":{"line":51,"column":6},"end":{"line":60,"column":9}},"22":{"start":{"line":62,"column":6},"end":{"line":62,"column":50}},"23":{"start":{"line":63,"column":6},"end":{"line":63,"column":18}},"24":{"start":{"line":69,"column":4},"end":{"line":108,"column":5}},"25":{"start":{"line":70,"column":43},"end":{"line":70,"column":51}},"26":{"start":{"line":72,"column":6},"end":{"line":74,"column":7}},"27":{"start":{"line":73,"column":8},"end":{"line":73,"column":93}},"28":{"start":{"line":76,"column":19},"end":{"line":76,"column":55}},"29":{"start":{"line":77,"column":6},"end":{"line":79,"column":7}},"30":{"start":{"line":78,"column":8},"end":{"line":78,"column":83}},"31":{"start":{"line":81,"column":22},"end":{"line":81,"column":73}},"32":{"start":{"line":82,"column":6},"end":{"line":84,"column":7}},"33":{"start":{"line":83,"column":8},"end":{"line":83,"column":83}},"34":{"start":{"line":87,"column":24},"end":{"line":87,"column":49}},"35":{"start":{"line":89,"column":20},"end":{"line":93,"column":7}},"36":{"start":{"line":95,"column":6},"end":{"line":104,"column":9}},"37":{"start":{"line":106,"column":6},"end":{"line":106,"column":51}},"38":{"start":{"line":107,"column":6},"end":{"line":107,"column":18}},"39":{"start":{"line":113,"column":4},"end":{"line":132,"column":5}},"40":{"start":{"line":114,"column":20},"end":{"line":114,"column":60}},"41":{"start":{"line":115,"column":6},"end":{"line":117,"column":7}},"42":{"start":{"line":116,"column":8},"end":{"line":116,"column":62}},"43":{"start":{"line":119,"column":22},"end":{"line":119,"column":51}},"44":{"start":{"line":120,"column":6},"end":{"line":128,"column":9}},"45":{"start":{"line":130,"column":6},"end":{"line":130,"column":54}},"46":{"start":{"line":131,"column":6},"end":{"line":131,"column":59}},"47":{"start":{"line":136,"column":0},"end":{"line":136,"column":32}}},"fnMap":{"0":{"name":"(anonymous_0)","decl":{"start":{"line":9,"column":12},"end":{"line":9,"column":13}},"loc":{"start":{"line":9,"column":38},"end":{"line":65,"column":3}},"line":9},"1":{"name":"(anonymous_1)","decl":{"start":{"line":68,"column":9},"end":{"line":68,"column":10}},"loc":{"start":{"line":68,"column":35},"end":{"line":109,"column":3}},"line":68},"2":{"name":"(anonymous_2)","decl":{"start":{"line":112,"column":10},"end":{"line":112,"column":11}},"loc":{"start":{"line":112,"column":36},"end":{"line":133,"column":3}},"line":112}},"branchMap":{"0":{"loc":{"start":{"line":5,"column":19},"end":{"line":5,"column":82}},"type":"binary-expr","locations":[{"start":{"line":5,"column":19},"end":{"line":5,"column":41}},{"start":{"line":5,"column":45},"end":{"line":5,"column":82}}],"line":5},"1":{"loc":{"start":{"line":14,"column":6},"end":{"line":16,"column":7}},"type":"if","locations":[{"start":{"line":14,"column":6},"end":{"line":16,"column":7}},{"start":{},"end":{}}],"line":14},"2":{"loc":{"start":{"line":14,"column":10},"end":{"line":14,"column":36}},"type":"binary-expr","locations":[{"start":{"line":14,"column":10},"end":{"line":14,"column":15}},{"start":{"line":14,"column":19},"end":{"line":14,"column":26}},{"start":{"line":14,"column":30},"end":{"line":14,"column":36}}],"line":14},"3":{"loc":{"start":{"line":18,"column":6},"end":{"line":20,"column":7}},"type":"if","locations":[{"start":{"line":18,"column":6},"end":{"line":20,"column":7}},{"start":{},"end":{}}],"line":18},"4":{"loc":{"start":{"line":24,"column":6},"end":{"line":26,"column":7}},"type":"if","locations":[{"start":{"line":24,"column":6},"end":{"line":26,"column":7}},{"start":{},"end":{}}],"line":24},"5":{"loc":{"start":{"line":29,"column":6},"end":{"line":31,"column":7}},"type":"if","locations":[{"start":{"line":29,"column":6},"end":{"line":31,"column":7}},{"start":{},"end":{}}],"line":29},"6":{"loc":{"start":{"line":34,"column":23},"end":{"line":34,"column":44}},"type":"binary-expr","locations":[{"start":{"line":34,"column":23},"end":{"line":34,"column":34}},{"start":{"line":34,"column":38},"end":{"line":34,"column":44}}],"line":34},"7":{"loc":{"start":{"line":72,"column":6},"end":{"line":74,"column":7}},"type":"if","locations":[{"start":{"line":72,"column":6},"end":{"line":74,"column":7}},{"start":{},"end":{}}],"line":72},"8":{"loc":{"start":{"line":72,"column":10},"end":{"line":72,"column":26}},"type":"binary-expr","locations":[{"start":{"line":72,"column":10},"end":{"line":72,"column":15}},{"start":{"line":72,"column":19},"end":{"line":72,"column":26}}],"line":72},"9":{"loc":{"start":{"line":77,"column":6},"end":{"line":79,"column":7}},"type":"if","locations":[{"start":{"line":77,"column":6},"end":{"line":79,"column":7}},{"start":{},"end":{}}],"line":77},"10":{"loc":{"start":{"line":82,"column":6},"end":{"line":84,"column":7}},"type":"if","locations":[{"start":{"line":82,"column":6},"end":{"line":84,"column":7}},{"start":{},"end":{}}],"line":82},"11":{"loc":{"start":{"line":87,"column":24},"end":{"line":87,"column":49}},"type":"cond-expr","locations":[{"start":{"line":87,"column":37},"end":{"line":87,"column":42}},{"start":{"line":87,"column":45},"end":{"line":87,"column":49}}],"line":87},"12":{"loc":{"start":{"line":115,"column":6},"end":{"line":117,"column":7}},"type":"if","locations":[{"start":{"line":115,"column":6},"end":{"line":117,"column":7}},{"start":{},"end":{}}],"line":115}},"s":{"0":0,"1":0,"2":0,"3":0,"4":0,"5":0,"6":0,"7":0,"8":0,"9":0,"10":0,"11":0,"12":0,"13":0,"14":0,"15":0,"16":0,"17":0,"18":0,"19":0,"20":0,"21":0,"22":0,"23":0,"24":0,"25":0,"26":0,"27":0,"28":0,"29":0,"30":0,"31":0,"32":0,"33":0,"34":0,"35":0,"36":0,"37":0,"38":0,"39":0,"40":0,"41":0,"42":0,"43":0,"44":0,"45":0,"46":0,"47":0},"f":{"0":0,"1":0,"2":0},"b":{"0":[0,0],"1":[0,0],"2":[0,0,0],"3":[0,0],"4":[0,0],"5":[0,0],"6":[0,0],"7":[0,0],"8":[0,0],"9":[0,0],"10":[0,0],"11":[0,0],"12":[0,0]}}
,"C:\\Users\\Márk\\OneDrive\\Desktop\\Vizsgaremek_PR_FM\\Vizsgaremek_PR_FM\\Backend\\app\\controllers\\categoryController.js": {"path":"C:\\Users\\Márk\\OneDrive\\Desktop\\Vizsgaremek_PR_FM\\Vizsgaremek_PR_FM\\Backend\\app\\controllers\\categoryController.js","statementMap":{"0":{"start":{"line":1,"column":13},"end":{"line":1,"column":36}},"1":{"start":{"line":3,"column":27},"end":{"line":42,"column":1}},"2":{"start":{"line":5,"column":4},"end":{"line":8,"column":36}},"3":{"start":{"line":6,"column":21},"end":{"line":6,"column":77}},"4":{"start":{"line":7,"column":6},"end":{"line":7,"column":21}},"5":{"start":{"line":8,"column":22},"end":{"line":8,"column":34}},"6":{"start":{"line":11,"column":4},"end":{"line":16,"column":36}},"7":{"start":{"line":12,"column":21},"end":{"line":12,"column":31}},"8":{"start":{"line":13,"column":21},"end":{"line":13,"column":84}},"9":{"start":{"line":14,"column":6},"end":{"line":14,"column":81}},"10":{"start":{"line":14,"column":29},"end":{"line":14,"column":81}},"11":{"start":{"line":15,"column":6},"end":{"line":15,"column":24}},"12":{"start":{"line":16,"column":22},"end":{"line":16,"column":34}},"13":{"start":{"line":19,"column":4},"end":{"line":23,"column":36}},"14":{"start":{"line":20,"column":25},"end":{"line":20,"column":33}},"15":{"start":{"line":21,"column":23},"end":{"line":21,"column":95}},"16":{"start":{"line":22,"column":6},"end":{"line":22,"column":85}},"17":{"start":{"line":23,"column":22},"end":{"line":23,"column":34}},"18":{"start":{"line":26,"column":4},"end":{"line":32,"column":36}},"19":{"start":{"line":27,"column":21},"end":{"line":27,"column":31}},"20":{"start":{"line":28,"column":25},"end":{"line":28,"column":33}},"21":{"start":{"line":29,"column":23},"end":{"line":29,"column":102}},"22":{"start":{"line":30,"column":6},"end":{"line":30,"column":89}},"23":{"start":{"line":30,"column":37},"end":{"line":30,"column":89}},"24":{"start":{"line":31,"column":6},"end":{"line":31,"column":51}},"25":{"start":{"line":32,"column":22},"end":{"line":32,"column":34}},"26":{"start":{"line":35,"column":4},"end":{"line":40,"column":36}},"27":{"start":{"line":36,"column":21},"end":{"line":36,"column":31}},"28":{"start":{"line":37,"column":23},"end":{"line":37,"column":84}},"29":{"start":{"line":38,"column":6},"end":{"line":38,"column":89}},"30":{"start":{"line":38,"column":37},"end":{"line":38,"column":89}},"31":{"start":{"line":39,"column":6},"end":{"line":39,"column":49}},"32":{"start":{"line":40,"column":22},"end":{"line":40,"column":34}},"33":{"start":{"line":44,"column":0},"end":{"line":44,"column":36}}},"fnMap":{"0":{"name":"(anonymous_0)","decl":{"start":{"line":4,"column":10},"end":{"line":4,"column":11}},"loc":{"start":{"line":4,"column":36},"end":{"line":9,"column":3}},"line":4},"1":{"name":"(anonymous_1)","decl":{"start":{"line":10,"column":11},"end":{"line":10,"column":12}},"loc":{"start":{"line":10,"column":37},"end":{"line":17,"column":3}},"line":10},"2":{"name":"(anonymous_2)","decl":{"start":{"line":18,"column":10},"end":{"line":18,"column":11}},"loc":{"start":{"line":18,"column":36},"end":{"line":24,"column":3}},"line":18},"3":{"name":"(anonymous_3)","decl":{"start":{"line":25,"column":10},"end":{"line":25,"column":11}},"loc":{"start":{"line":25,"column":36},"end":{"line":33,"column":3}},"line":25},"4":{"name":"(anonymous_4)","decl":{"start":{"line":34,"column":10},"end":{"line":34,"column":11}},"loc":{"start":{"line":34,"column":36},"end":{"line":41,"column":3}},"line":34}},"branchMap":{"0":{"loc":{"start":{"line":14,"column":6},"end":{"line":14,"column":81}},"type":"if","locations":[{"start":{"line":14,"column":6},"end":{"line":14,"column":81}},{"start":{},"end":{}}],"line":14},"1":{"loc":{"start":{"line":30,"column":6},"end":{"line":30,"column":89}},"type":"if","locations":[{"start":{"line":30,"column":6},"end":{"line":30,"column":89}},{"start":{},"end":{}}],"line":30},"2":{"loc":{"start":{"line":38,"column":6},"end":{"line":38,"column":89}},"type":"if","locations":[{"start":{"line":38,"column":6},"end":{"line":38,"column":89}},{"start":{},"end":{}}],"line":38}},"s":{"0":0,"1":0,"2":0,"3":0,"4":0,"5":0,"6":0,"7":0,"8":0,"9":0,"10":0,"11":0,"12":0,"13":0,"14":0,"15":0,"16":0,"17":0,"18":0,"19":0,"20":0,"21":0,"22":0,"23":0,"24":0,"25":0,"26":0,"27":0,"28":0,"29":0,"30":0,"31":0,"32":0,"33":0},"f":{"0":0,"1":0,"2":0,"3":0,"4":0},"b":{"0":[0,0],"1":[0,0],"2":[0,0]}}
,"C:\\Users\\Márk\\OneDrive\\Desktop\\Vizsgaremek_PR_FM\\Vizsgaremek_PR_FM\\Backend\\app\\controllers\\eventController.js": {"path":"C:\\Users\\Márk\\OneDrive\\Desktop\\Vizsgaremek_PR_FM\\Vizsgaremek_PR_FM\\Backend\\app\\controllers\\eventController.js","statementMap":{"0":{"start":{"line":1,"column":13},"end":{"line":1,"column":36}},"1":{"start":{"line":3,"column":24},"end":{"line":80,"column":1}},"2":{"start":{"line":6,"column":4},"end":{"line":18,"column":5}},"3":{"start":{"line":7,"column":21},"end":{"line":14,"column":2}},"4":{"start":{"line":15,"column":6},"end":{"line":15,"column":21}},"5":{"start":{"line":17,"column":6},"end":{"line":17,"column":18}},"6":{"start":{"line":23,"column":4},"end":{"line":32,"column":5}},"7":{"start":{"line":24,"column":21},"end":{"line":24,"column":31}},"8":{"start":{"line":25,"column":21},"end":{"line":25,"column":83}},"9":{"start":{"line":26,"column":6},"end":{"line":28,"column":7}},"10":{"start":{"line":27,"column":8},"end":{"line":27,"column":66}},"11":{"start":{"line":29,"column":6},"end":{"line":29,"column":24}},"12":{"start":{"line":31,"column":6},"end":{"line":31,"column":18}},"13":{"start":{"line":37,"column":4},"end":{"line":46,"column":5}},"14":{"start":{"line":38,"column":90},"end":{"line":38,"column":98}},"15":{"start":{"line":39,"column":23},"end":{"line":42,"column":7}},"16":{"start":{"line":43,"column":6},"end":{"line":43,"column":83}},"17":{"start":{"line":45,"column":6},"end":{"line":45,"column":18}},"18":{"start":{"line":51,"column":4},"end":{"line":64,"column":5}},"19":{"start":{"line":52,"column":21},"end":{"line":52,"column":31}},"20":{"start":{"line":53,"column":90},"end":{"line":53,"column":98}},"21":{"start":{"line":54,"column":23},"end":{"line":57,"column":7}},"22":{"start":{"line":58,"column":6},"end":{"line":60,"column":7}},"23":{"start":{"line":59,"column":8},"end":{"line":59,"column":66}},"24":{"start":{"line":61,"column":6},"end":{"line":61,"column":49}},"25":{"start":{"line":63,"column":6},"end":{"line":63,"column":18}},"26":{"start":{"line":69,"column":4},"end":{"line":78,"column":5}},"27":{"start":{"line":70,"column":21},"end":{"line":70,"column":31}},"28":{"start":{"line":71,"column":23},"end":{"line":71,"column":83}},"29":{"start":{"line":72,"column":6},"end":{"line":74,"column":7}},"30":{"start":{"line":73,"column":8},"end":{"line":73,"column":66}},"31":{"start":{"line":75,"column":6},"end":{"line":75,"column":47}},"32":{"start":{"line":77,"column":6},"end":{"line":77,"column":18}},"33":{"start":{"line":82,"column":0},"end":{"line":82,"column":33}}},"fnMap":{"0":{"name":"(anonymous_0)","decl":{"start":{"line":5,"column":10},"end":{"line":5,"column":11}},"loc":{"start":{"line":5,"column":36},"end":{"line":19,"column":3}},"line":5},"1":{"name":"(anonymous_1)","decl":{"start":{"line":22,"column":11},"end":{"line":22,"column":12}},"loc":{"start":{"line":22,"column":37},"end":{"line":33,"column":3}},"line":22},"2":{"name":"(anonymous_2)","decl":{"start":{"line":36,"column":10},"end":{"line":36,"column":11}},"loc":{"start":{"line":36,"column":36},"end":{"line":47,"column":3}},"line":36},"3":{"name":"(anonymous_3)","decl":{"start":{"line":50,"column":10},"end":{"line":50,"column":11}},"loc":{"start":{"line":50,"column":36},"end":{"line":65,"column":3}},"line":50},"4":{"name":"(anonymous_4)","decl":{"start":{"line":68,"column":10},"end":{"line":68,"column":11}},"loc":{"start":{"line":68,"column":36},"end":{"line":79,"column":3}},"line":68}},"branchMap":{"0":{"loc":{"start":{"line":26,"column":6},"end":{"line":28,"column":7}},"type":"if","locations":[{"start":{"line":26,"column":6},"end":{"line":28,"column":7}},{"start":{},"end":{}}],"line":26},"1":{"loc":{"start":{"line":41,"column":73},"end":{"line":41,"column":85}},"type":"binary-expr","locations":[{"start":{"line":41,"column":73},"end":{"line":41,"column":80}},{"start":{"line":41,"column":84},"end":{"line":41,"column":85}}],"line":41},"2":{"loc":{"start":{"line":56,"column":73},"end":{"line":56,"column":85}},"type":"binary-expr","locations":[{"start":{"line":56,"column":73},"end":{"line":56,"column":80}},{"start":{"line":56,"column":84},"end":{"line":56,"column":85}}],"line":56},"3":{"loc":{"start":{"line":58,"column":6},"end":{"line":60,"column":7}},"type":"if","locations":[{"start":{"line":58,"column":6},"end":{"line":60,"column":7}},{"start":{},"end":{}}],"line":58},"4":{"loc":{"start":{"line":72,"column":6},"end":{"line":74,"column":7}},"type":"if","locations":[{"start":{"line":72,"column":6},"end":{"line":74,"column":7}},{"start":{},"end":{}}],"line":72}},"s":{"0":0,"1":0,"2":0,"3":0,"4":0,"5":0,"6":0,"7":0,"8":0,"9":0,"10":0,"11":0,"12":0,"13":0,"14":0,"15":0,"16":0,"17":0,"18":0,"19":0,"20":0,"21":0,"22":0,"23":0,"24":0,"25":0,"26":0,"27":0,"28":0,"29":0,"30":0,"31":0,"32":0,"33":0},"f":{"0":0,"1":0,"2":0,"3":0,"4":0},"b":{"0":[0,0],"1":[0,0],"2":[0,0],"3":[0,0],"4":[0,0]}}
,"C:\\Users\\Márk\\OneDrive\\Desktop\\Vizsgaremek_PR_FM\\Vizsgaremek_PR_FM\\Backend\\app\\controllers\\instrumentController.js": {"path":"C:\\Users\\Márk\\OneDrive\\Desktop\\Vizsgaremek_PR_FM\\Vizsgaremek_PR_FM\\Backend\\app\\controllers\\instrumentController.js","statementMap":{"0":{"start":{"line":1,"column":24},"end":{"line":1,"column":60}},"1":{"start":{"line":2,"column":13},"end":{"line":2,"column":36}},"2":{"start":{"line":4,"column":29},"end":{"line":179,"column":1}},"3":{"start":{"line":6,"column":4},"end":{"line":13,"column":5}},"4":{"start":{"line":7,"column":6},"end":{"line":7,"column":63}},"5":{"start":{"line":8,"column":26},"end":{"line":8,"column":56}},"6":{"start":{"line":9,"column":6},"end":{"line":9,"column":28}},"7":{"start":{"line":11,"column":6},"end":{"line":11,"column":49}},"8":{"start":{"line":12,"column":6},"end":{"line":12,"column":18}},"9":{"start":{"line":17,"column":4},"end":{"line":26,"column":5}},"10":{"start":{"line":18,"column":21},"end":{"line":18,"column":31}},"11":{"start":{"line":19,"column":25},"end":{"line":19,"column":58}},"12":{"start":{"line":20,"column":6},"end":{"line":22,"column":7}},"13":{"start":{"line":21,"column":8},"end":{"line":21,"column":71}},"14":{"start":{"line":23,"column":6},"end":{"line":23,"column":27}},"15":{"start":{"line":25,"column":6},"end":{"line":25,"column":18}},"16":{"start":{"line":30,"column":4},"end":{"line":47,"column":5}},"17":{"start":{"line":31,"column":21},"end":{"line":31,"column":31}},"18":{"start":{"line":32,"column":47},"end":{"line":32,"column":55}},"19":{"start":{"line":34,"column":6},"end":{"line":36,"column":7}},"20":{"start":{"line":35,"column":8},"end":{"line":35,"column":89}},"21":{"start":{"line":38,"column":23},"end":{"line":38,"column":91}},"22":{"start":{"line":40,"column":6},"end":{"line":43,"column":9}},"23":{"start":{"line":45,"column":6},"end":{"line":45,"column":64}},"24":{"start":{"line":46,"column":6},"end":{"line":46,"column":18}},"25":{"start":{"line":51,"column":4},"end":{"line":92,"column":5}},"26":{"start":{"line":52,"column":63},"end":{"line":52,"column":71}},"27":{"start":{"line":54,"column":6},"end":{"line":56,"column":7}},"28":{"start":{"line":55,"column":8},"end":{"line":55,"column":89}},"29":{"start":{"line":58,"column":26},"end":{"line":58,"column":100}},"30":{"start":{"line":60,"column":6},"end":{"line":65,"column":7}},"31":{"start":{"line":61,"column":25},"end":{"line":61,"column":99}},"32":{"start":{"line":62,"column":8},"end":{"line":62,"column":32}},"33":{"start":{"line":64,"column":8},"end":{"line":64,"column":34}},"34":{"start":{"line":67,"column":26},"end":{"line":67,"column":70}},"35":{"start":{"line":68,"column":28},"end":{"line":71,"column":7}},"36":{"start":{"line":73,"column":23},"end":{"line":76,"column":7}},"37":{"start":{"line":78,"column":6},"end":{"line":86,"column":7}},"38":{"start":{"line":79,"column":29},"end":{"line":79,"column":96}},"39":{"start":{"line":80,"column":8},"end":{"line":85,"column":9}},"40":{"start":{"line":81,"column":10},"end":{"line":84,"column":12}},"41":{"start":{"line":88,"column":6},"end":{"line":88,"column":84}},"42":{"start":{"line":90,"column":6},"end":{"line":90,"column":62}},"43":{"start":{"line":91,"column":6},"end":{"line":91,"column":18}},"44":{"start":{"line":96,"column":4},"end":{"line":156,"column":5}},"45":{"start":{"line":97,"column":21},"end":{"line":97,"column":31}},"46":{"start":{"line":98,"column":63},"end":{"line":98,"column":71}},"47":{"start":{"line":101,"column":24},"end":{"line":103,"column":66}},"48":{"start":{"line":104,"column":6},"end":{"line":104,"column":46}},"49":{"start":{"line":104,"column":30},"end":{"line":104,"column":46}},"50":{"start":{"line":107,"column":27},"end":{"line":107,"column":104}},"51":{"start":{"line":108,"column":6},"end":{"line":110,"column":7}},"52":{"start":{"line":109,"column":8},"end":{"line":109,"column":73}},"53":{"start":{"line":113,"column":26},"end":{"line":113,"column":100}},"54":{"start":{"line":115,"column":6},"end":{"line":120,"column":7}},"55":{"start":{"line":116,"column":25},"end":{"line":116,"column":99}},"56":{"start":{"line":117,"column":8},"end":{"line":117,"column":32}},"57":{"start":{"line":119,"column":8},"end":{"line":119,"column":34}},"58":{"start":{"line":123,"column":26},"end":{"line":123,"column":58}},"59":{"start":{"line":124,"column":6},"end":{"line":127,"column":8}},"60":{"start":{"line":130,"column":6},"end":{"line":133,"column":8}},"61":{"start":{"line":136,"column":6},"end":{"line":138,"column":7}},"62":{"start":{"line":137,"column":8},"end":{"line":137,"column":120}},"63":{"start":{"line":141,"column":6},"end":{"line":141,"column":79}},"64":{"start":{"line":142,"column":6},"end":{"line":150,"column":7}},"65":{"start":{"line":143,"column":29},"end":{"line":143,"column":96}},"66":{"start":{"line":144,"column":8},"end":{"line":149,"column":9}},"67":{"start":{"line":145,"column":10},"end":{"line":148,"column":12}},"68":{"start":{"line":152,"column":6},"end":{"line":152,"column":50}},"69":{"start":{"line":154,"column":6},"end":{"line":154,"column":61}},"70":{"start":{"line":155,"column":6},"end":{"line":155,"column":18}},"71":{"start":{"line":160,"column":4},"end":{"line":177,"column":5}},"72":{"start":{"line":161,"column":21},"end":{"line":161,"column":31}},"73":{"start":{"line":163,"column":27},"end":{"line":163,"column":97}},"74":{"start":{"line":164,"column":6},"end":{"line":166,"column":7}},"75":{"start":{"line":165,"column":8},"end":{"line":165,"column":73}},"76":{"start":{"line":168,"column":6},"end":{"line":168,"column":79}},"77":{"start":{"line":169,"column":6},"end":{"line":169,"column":78}},"78":{"start":{"line":170,"column":6},"end":{"line":170,"column":68}},"79":{"start":{"line":171,"column":6},"end":{"line":171,"column":86}},"80":{"start":{"line":173,"column":6},"end":{"line":173,"column":48}},"81":{"start":{"line":175,"column":6},"end":{"line":175,"column":58}},"82":{"start":{"line":176,"column":6},"end":{"line":176,"column":18}},"83":{"start":{"line":181,"column":0},"end":{"line":181,"column":38}}},"fnMap":{"0":{"name":"(anonymous_0)","decl":{"start":{"line":5,"column":10},"end":{"line":5,"column":11}},"loc":{"start":{"line":5,"column":36},"end":{"line":14,"column":3}},"line":5},"1":{"name":"(anonymous_1)","decl":{"start":{"line":16,"column":11},"end":{"line":16,"column":12}},"loc":{"start":{"line":16,"column":37},"end":{"line":27,"column":3}},"line":16},"2":{"name":"(anonymous_2)","decl":{"start":{"line":29,"column":16},"end":{"line":29,"column":17}},"loc":{"start":{"line":29,"column":42},"end":{"line":48,"column":3}},"line":29},"3":{"name":"(anonymous_3)","decl":{"start":{"line":50,"column":10},"end":{"line":50,"column":11}},"loc":{"start":{"line":50,"column":36},"end":{"line":93,"column":3}},"line":50},"4":{"name":"(anonymous_4)","decl":{"start":{"line":95,"column":10},"end":{"line":95,"column":11}},"loc":{"start":{"line":95,"column":36},"end":{"line":157,"column":3}},"line":95},"5":{"name":"(anonymous_5)","decl":{"start":{"line":159,"column":10},"end":{"line":159,"column":11}},"loc":{"start":{"line":159,"column":36},"end":{"line":178,"column":3}},"line":159}},"branchMap":{"0":{"loc":{"start":{"line":20,"column":6},"end":{"line":22,"column":7}},"type":"if","locations":[{"start":{"line":20,"column":6},"end":{"line":22,"column":7}},{"start":{},"end":{}}],"line":20},"1":{"loc":{"start":{"line":34,"column":6},"end":{"line":36,"column":7}},"type":"if","locations":[{"start":{"line":34,"column":6},"end":{"line":36,"column":7}},{"start":{},"end":{}}],"line":34},"2":{"loc":{"start":{"line":34,"column":10},"end":{"line":34,"column":30}},"type":"binary-expr","locations":[{"start":{"line":34,"column":10},"end":{"line":34,"column":17}},{"start":{"line":34,"column":21},"end":{"line":34,"column":30}}],"line":34},"3":{"loc":{"start":{"line":54,"column":6},"end":{"line":56,"column":7}},"type":"if","locations":[{"start":{"line":54,"column":6},"end":{"line":56,"column":7}},{"start":{},"end":{}}],"line":54},"4":{"loc":{"start":{"line":54,"column":10},"end":{"line":54,"column":44}},"type":"binary-expr","locations":[{"start":{"line":54,"column":10},"end":{"line":54,"column":15}},{"start":{"line":54,"column":19},"end":{"line":54,"column":28}},{"start":{"line":54,"column":32},"end":{"line":54,"column":44}}],"line":54},"5":{"loc":{"start":{"line":60,"column":6},"end":{"line":65,"column":7}},"type":"if","locations":[{"start":{"line":60,"column":6},"end":{"line":65,"column":7}},{"start":{"line":63,"column":13},"end":{"line":65,"column":7}}],"line":60},"6":{"loc":{"start":{"line":70,"column":22},"end":{"line":70,"column":52}},"type":"cond-expr","locations":[{"start":{"line":70,"column":47},"end":{"line":70,"column":48}},{"start":{"line":70,"column":51},"end":{"line":70,"column":52}}],"line":70},"7":{"loc":{"start":{"line":78,"column":6},"end":{"line":86,"column":7}},"type":"if","locations":[{"start":{"line":78,"column":6},"end":{"line":86,"column":7}},{"start":{},"end":{}}],"line":78},"8":{"loc":{"start":{"line":80,"column":8},"end":{"line":85,"column":9}},"type":"if","locations":[{"start":{"line":80,"column":8},"end":{"line":85,"column":9}},{"start":{},"end":{}}],"line":80},"9":{"loc":{"start":{"line":101,"column":24},"end":{"line":103,"column":66}},"type":"cond-expr","locations":[{"start":{"line":102,"column":10},"end":{"line":102,"column":21}},{"start":{"line":103,"column":10},"end":{"line":103,"column":66}}],"line":101},"10":{"loc":{"start":{"line":104,"column":6},"end":{"line":104,"column":46}},"type":"if","locations":[{"start":{"line":104,"column":6},"end":{"line":104,"column":46}},{"start":{},"end":{}}],"line":104},"11":{"loc":{"start":{"line":108,"column":6},"end":{"line":110,"column":7}},"type":"if","locations":[{"start":{"line":108,"column":6},"end":{"line":110,"column":7}},{"start":{},"end":{}}],"line":108},"12":{"loc":{"start":{"line":115,"column":6},"end":{"line":120,"column":7}},"type":"if","locations":[{"start":{"line":115,"column":6},"end":{"line":120,"column":7}},{"start":{"line":118,"column":13},"end":{"line":120,"column":7}}],"line":115},"13":{"loc":{"start":{"line":123,"column":26},"end":{"line":123,"column":58}},"type":"cond-expr","locations":[{"start":{"line":123,"column":53},"end":{"line":123,"column":54}},{"start":{"line":123,"column":57},"end":{"line":123,"column":58}}],"line":123},"14":{"loc":{"start":{"line":136,"column":6},"end":{"line":138,"column":7}},"type":"if","locations":[{"start":{"line":136,"column":6},"end":{"line":138,"column":7}},{"start":{},"end":{}}],"line":136},"15":{"loc":{"start":{"line":142,"column":6},"end":{"line":150,"column":7}},"type":"if","locations":[{"start":{"line":142,"column":6},"end":{"line":150,"column":7}},{"start":{},"end":{}}],"line":142},"16":{"loc":{"start":{"line":142,"column":10},"end":{"line":142,"column":42}},"type":"binary-expr","locations":[{"start":{"line":142,"column":10},"end":{"line":142,"column":17}},{"start":{"line":142,"column":21},"end":{"line":142,"column":42}}],"line":142},"17":{"loc":{"start":{"line":144,"column":8},"end":{"line":149,"column":9}},"type":"if","locations":[{"start":{"line":144,"column":8},"end":{"line":149,"column":9}},{"start":{},"end":{}}],"line":144},"18":{"loc":{"start":{"line":164,"column":6},"end":{"line":166,"column":7}},"type":"if","locations":[{"start":{"line":164,"column":6},"end":{"line":166,"column":7}},{"start":{},"end":{}}],"line":164}},"s":{"0":0,"1":0,"2":0,"3":0,"4":0,"5":0,"6":0,"7":0,"8":0,"9":0,"10":0,"11":0,"12":0,"13":0,"14":0,"15":0,"16":0,"17":0,"18":0,"19":0,"20":0,"21":0,"22":0,"23":0,"24":0,"25":0,"26":0,"27":0,"28":0,"29":0,"30":0,"31":0,"32":0,"33":0,"34":0,"35":0,"36":0,"37":0,"38":0,"39":0,"40":0,"41":0,"42":0,"43":0,"44":0,"45":0,"46":0,"47":0,"48":0,"49":0,"50":0,"51":0,"52":0,"53":0,"54":0,"55":0,"56":0,"57":0,"58":0,"59":0,"60":0,"61":0,"62":0,"63":0,"64":0,"65":0,"66":0,"67":0,"68":0,"69":0,"70":0,"71":0,"72":0,"73":0,"74":0,"75":0,"76":0,"77":0,"78":0,"79":0,"80":0,"81":0,"82":0,"83":0},"f":{"0":0,"1":0,"2":0,"3":0,"4":0,"5":0},"b":{"0":[0,0],"1":[0,0],"2":[0,0],"3":[0,0],"4":[0,0,0],"5":[0,0],"6":[0,0],"7":[0,0],"8":[0,0],"9":[0,0],"10":[0,0],"11":[0,0],"12":[0,0],"13":[0,0],"14":[0,0],"15":[0,0],"16":[0,0],"17":[0,0],"18":[0,0]}}
,"C:\\Users\\Márk\\OneDrive\\Desktop\\Vizsgaremek_PR_FM\\Vizsgaremek_PR_FM\\Backend\\app\\controllers\\lessonController.js": {"path":"C:\\Users\\Márk\\OneDrive\\Desktop\\Vizsgaremek_PR_FM\\Vizsgaremek_PR_FM\\Backend\\app\\controllers\\lessonController.js","statementMap":{"0":{"start":{"line":1,"column":13},"end":{"line":1,"column":36}},"1":{"start":{"line":3,"column":25},"end":{"line":131,"column":1}},"2":{"start":{"line":5,"column":4},"end":{"line":26,"column":36}},"3":{"start":{"line":6,"column":21},"end":{"line":24,"column":6}},"4":{"start":{"line":25,"column":6},"end":{"line":25,"column":21}},"5":{"start":{"line":26,"column":22},"end":{"line":26,"column":34}},"6":{"start":{"line":30,"column":4},"end":{"line":50,"column":36}},"7":{"start":{"line":31,"column":28},"end":{"line":31,"column":38}},"8":{"start":{"line":32,"column":21},"end":{"line":48,"column":19}},"9":{"start":{"line":49,"column":6},"end":{"line":49,"column":21}},"10":{"start":{"line":50,"column":22},"end":{"line":50,"column":34}},"11":{"start":{"line":54,"column":4},"end":{"line":76,"column":36}},"12":{"start":{"line":55,"column":28},"end":{"line":55,"column":38}},"13":{"start":{"line":56,"column":21},"end":{"line":74,"column":19}},"14":{"start":{"line":75,"column":6},"end":{"line":75,"column":21}},"15":{"start":{"line":76,"column":22},"end":{"line":76,"column":34}},"16":{"start":{"line":80,"column":4},"end":{"line":107,"column":5}},"17":{"start":{"line":81,"column":81},"end":{"line":81,"column":89}},"18":{"start":{"line":83,"column":6},"end":{"line":83,"column":122}},"19":{"start":{"line":85,"column":23},"end":{"line":88,"column":7}},"20":{"start":{"line":90,"column":6},"end":{"line":103,"column":9}},"21":{"start":{"line":105,"column":6},"end":{"line":105,"column":58}},"22":{"start":{"line":106,"column":6},"end":{"line":106,"column":18}},"23":{"start":{"line":111,"column":4},"end":{"line":120,"column":36}},"24":{"start":{"line":112,"column":21},"end":{"line":112,"column":31}},"25":{"start":{"line":113,"column":52},"end":{"line":113,"column":60}},"26":{"start":{"line":114,"column":23},"end":{"line":117,"column":7}},"27":{"start":{"line":118,"column":6},"end":{"line":118,"column":89}},"28":{"start":{"line":118,"column":37},"end":{"line":118,"column":89}},"29":{"start":{"line":119,"column":6},"end":{"line":119,"column":45}},"30":{"start":{"line":120,"column":22},"end":{"line":120,"column":34}},"31":{"start":{"line":124,"column":4},"end":{"line":129,"column":36}},"32":{"start":{"line":125,"column":21},"end":{"line":125,"column":31}},"33":{"start":{"line":126,"column":23},"end":{"line":126,"column":78}},"34":{"start":{"line":127,"column":6},"end":{"line":127,"column":89}},"35":{"start":{"line":127,"column":37},"end":{"line":127,"column":89}},"36":{"start":{"line":128,"column":6},"end":{"line":128,"column":43}},"37":{"start":{"line":129,"column":22},"end":{"line":129,"column":34}},"38":{"start":{"line":133,"column":0},"end":{"line":133,"column":34}}},"fnMap":{"0":{"name":"(anonymous_0)","decl":{"start":{"line":4,"column":10},"end":{"line":4,"column":11}},"loc":{"start":{"line":4,"column":36},"end":{"line":27,"column":3}},"line":4},"1":{"name":"(anonymous_1)","decl":{"start":{"line":29,"column":18},"end":{"line":29,"column":19}},"loc":{"start":{"line":29,"column":44},"end":{"line":51,"column":3}},"line":29},"2":{"name":"(anonymous_2)","decl":{"start":{"line":53,"column":18},"end":{"line":53,"column":19}},"loc":{"start":{"line":53,"column":44},"end":{"line":77,"column":3}},"line":53},"3":{"name":"(anonymous_3)","decl":{"start":{"line":79,"column":10},"end":{"line":79,"column":11}},"loc":{"start":{"line":79,"column":36},"end":{"line":108,"column":3}},"line":79},"4":{"name":"(anonymous_4)","decl":{"start":{"line":110,"column":10},"end":{"line":110,"column":11}},"loc":{"start":{"line":110,"column":36},"end":{"line":121,"column":3}},"line":110},"5":{"name":"(anonymous_5)","decl":{"start":{"line":123,"column":10},"end":{"line":123,"column":11}},"loc":{"start":{"line":123,"column":36},"end":{"line":130,"column":3}},"line":123}},"branchMap":{"0":{"loc":{"start":{"line":87,"column":64},"end":{"line":87,"column":86}},"type":"binary-expr","locations":[{"start":{"line":87,"column":64},"end":{"line":87,"column":71}},{"start":{"line":87,"column":75},"end":{"line":87,"column":86}}],"line":87},"1":{"loc":{"start":{"line":101,"column":19},"end":{"line":101,"column":41}},"type":"binary-expr","locations":[{"start":{"line":101,"column":19},"end":{"line":101,"column":26}},{"start":{"line":101,"column":30},"end":{"line":101,"column":41}}],"line":101},"2":{"loc":{"start":{"line":118,"column":6},"end":{"line":118,"column":89}},"type":"if","locations":[{"start":{"line":118,"column":6},"end":{"line":118,"column":89}},{"start":{},"end":{}}],"line":118},"3":{"loc":{"start":{"line":127,"column":6},"end":{"line":127,"column":89}},"type":"if","locations":[{"start":{"line":127,"column":6},"end":{"line":127,"column":89}},{"start":{},"end":{}}],"line":127}},"s":{"0":1,"1":1,"2":2,"3":2,"4":1,"5":1,"6":1,"7":1,"8":1,"9":1,"10":0,"11":1,"12":1,"13":1,"14":1,"15":0,"16":2,"17":2,"18":2,"19":2,"20":2,"21":0,"22":0,"23":2,"24":2,"25":2,"26":2,"27":2,"28":1,"29":1,"30":0,"31":2,"32":2,"33":2,"34":2,"35":1,"36":1,"37":0,"38":1},"f":{"0":2,"1":1,"2":1,"3":2,"4":2,"5":2},"b":{"0":[2,1],"1":[2,1],"2":[1,1],"3":[1,1]},"_coverageSchema":"1a1c01bbd47fc00a2c39e90264f33305004495a9","hash":"edf296c20cf8271bfa64465b8505ef8b00cb1f46"}
,"C:\\Users\\Márk\\OneDrive\\Desktop\\Vizsgaremek_PR_FM\\Vizsgaremek_PR_FM\\Backend\\app\\controllers\\messageController.js": {"path":"C:\\Users\\Márk\\OneDrive\\Desktop\\Vizsgaremek_PR_FM\\Vizsgaremek_PR_FM\\Backend\\app\\controllers\\messageController.js","statementMap":{"0":{"start":{"line":1,"column":13},"end":{"line":1,"column":36}},"1":{"start":{"line":3,"column":26},"end":{"line":93,"column":1}},"2":{"start":{"line":6,"column":4},"end":{"line":19,"column":5}},"3":{"start":{"line":7,"column":21},"end":{"line":14,"column":8}},"4":{"start":{"line":15,"column":6},"end":{"line":15,"column":21}},"5":{"start":{"line":17,"column":6},"end":{"line":17,"column":60}},"6":{"start":{"line":18,"column":6},"end":{"line":18,"column":18}},"7":{"start":{"line":24,"column":4},"end":{"line":41,"column":5}},"8":{"start":{"line":25,"column":21},"end":{"line":25,"column":31}},"9":{"start":{"line":26,"column":21},"end":{"line":33,"column":14}},"10":{"start":{"line":34,"column":6},"end":{"line":36,"column":7}},"11":{"start":{"line":35,"column":8},"end":{"line":35,"column":71}},"12":{"start":{"line":37,"column":6},"end":{"line":37,"column":24}},"13":{"start":{"line":39,"column":6},"end":{"line":39,"column":58}},"14":{"start":{"line":40,"column":6},"end":{"line":40,"column":18}},"15":{"start":{"line":46,"column":4},"end":{"line":62,"column":5}},"16":{"start":{"line":47,"column":53},"end":{"line":47,"column":61}},"17":{"start":{"line":49,"column":6},"end":{"line":51,"column":7}},"18":{"start":{"line":50,"column":8},"end":{"line":50,"column":89}},"19":{"start":{"line":53,"column":23},"end":{"line":56,"column":7}},"20":{"start":{"line":58,"column":6},"end":{"line":58,"column":90}},"21":{"start":{"line":60,"column":6},"end":{"line":60,"column":57}},"22":{"start":{"line":61,"column":6},"end":{"line":61,"column":18}},"23":{"start":{"line":67,"column":4},"end":{"line":78,"column":5}},"24":{"start":{"line":68,"column":21},"end":{"line":68,"column":31}},"25":{"start":{"line":69,"column":23},"end":{"line":72,"column":7}},"26":{"start":{"line":73,"column":6},"end":{"line":73,"column":89}},"27":{"start":{"line":73,"column":37},"end":{"line":73,"column":89}},"28":{"start":{"line":74,"column":6},"end":{"line":74,"column":58}},"29":{"start":{"line":76,"column":6},"end":{"line":76,"column":60}},"30":{"start":{"line":77,"column":6},"end":{"line":77,"column":18}},"31":{"start":{"line":83,"column":4},"end":{"line":91,"column":5}},"32":{"start":{"line":84,"column":21},"end":{"line":84,"column":31}},"33":{"start":{"line":85,"column":23},"end":{"line":85,"column":82}},"34":{"start":{"line":86,"column":6},"end":{"line":86,"column":89}},"35":{"start":{"line":86,"column":37},"end":{"line":86,"column":89}},"36":{"start":{"line":87,"column":6},"end":{"line":87,"column":46}},"37":{"start":{"line":89,"column":6},"end":{"line":89,"column":57}},"38":{"start":{"line":90,"column":6},"end":{"line":90,"column":18}},"39":{"start":{"line":95,"column":0},"end":{"line":95,"column":35}}},"fnMap":{"0":{"name":"(anonymous_0)","decl":{"start":{"line":5,"column":10},"end":{"line":5,"column":11}},"loc":{"start":{"line":5,"column":36},"end":{"line":20,"column":3}},"line":5},"1":{"name":"(anonymous_1)","decl":{"start":{"line":23,"column":11},"end":{"line":23,"column":12}},"loc":{"start":{"line":23,"column":37},"end":{"line":42,"column":3}},"line":23},"2":{"name":"(anonymous_2)","decl":{"start":{"line":45,"column":10},"end":{"line":45,"column":11}},"loc":{"start":{"line":45,"column":36},"end":{"line":63,"column":3}},"line":45},"3":{"name":"(anonymous_3)","decl":{"start":{"line":66,"column":14},"end":{"line":66,"column":15}},"loc":{"start":{"line":66,"column":40},"end":{"line":79,"column":3}},"line":66},"4":{"name":"(anonymous_4)","decl":{"start":{"line":82,"column":10},"end":{"line":82,"column":11}},"loc":{"start":{"line":82,"column":36},"end":{"line":92,"column":3}},"line":82}},"branchMap":{"0":{"loc":{"start":{"line":34,"column":6},"end":{"line":36,"column":7}},"type":"if","locations":[{"start":{"line":34,"column":6},"end":{"line":36,"column":7}},{"start":{},"end":{}}],"line":34},"1":{"loc":{"start":{"line":49,"column":6},"end":{"line":51,"column":7}},"type":"if","locations":[{"start":{"line":49,"column":6},"end":{"line":51,"column":7}},{"start":{},"end":{}}],"line":49},"2":{"loc":{"start":{"line":49,"column":10},"end":{"line":49,"column":35}},"type":"binary-expr","locations":[{"start":{"line":49,"column":10},"end":{"line":49,"column":14}},{"start":{"line":49,"column":18},"end":{"line":49,"column":24}},{"start":{"line":49,"column":28},"end":{"line":49,"column":35}}],"line":49},"3":{"loc":{"start":{"line":55,"column":21},"end":{"line":55,"column":36}},"type":"binary-expr","locations":[{"start":{"line":55,"column":21},"end":{"line":55,"column":28}},{"start":{"line":55,"column":32},"end":{"line":55,"column":36}}],"line":55},"4":{"loc":{"start":{"line":55,"column":38},"end":{"line":55,"column":51}},"type":"binary-expr","locations":[{"start":{"line":55,"column":38},"end":{"line":55,"column":43}},{"start":{"line":55,"column":47},"end":{"line":55,"column":51}}],"line":55},"5":{"loc":{"start":{"line":73,"column":6},"end":{"line":73,"column":89}},"type":"if","locations":[{"start":{"line":73,"column":6},"end":{"line":73,"column":89}},{"start":{},"end":{}}],"line":73},"6":{"loc":{"start":{"line":86,"column":6},"end":{"line":86,"column":89}},"type":"if","locations":[{"start":{"line":86,"column":6},"end":{"line":86,"column":89}},{"start":{},"end":{}}],"line":86}},"s":{"0":0,"1":0,"2":0,"3":0,"4":0,"5":0,"6":0,"7":0,"8":0,"9":0,"10":0,"11":0,"12":0,"13":0,"14":0,"15":0,"16":0,"17":0,"18":0,"19":0,"20":0,"21":0,"22":0,"23":0,"24":0,"25":0,"26":0,"27":0,"28":0,"29":0,"30":0,"31":0,"32":0,"33":0,"34":0,"35":0,"36":0,"37":0,"38":0,"39":0},"f":{"0":0,"1":0,"2":0,"3":0,"4":0},"b":{"0":[0,0],"1":[0,0],"2":[0,0,0],"3":[0,0],"4":[0,0],"5":[0,0],"6":[0,0]}}
,"C:\\Users\\Márk\\OneDrive\\Desktop\\Vizsgaremek_PR_FM\\Vizsgaremek_PR_FM\\Backend\\app\\controllers\\rentalController.js": {"path":"C:\\Users\\Márk\\OneDrive\\Desktop\\Vizsgaremek_PR_FM\\Vizsgaremek_PR_FM\\Backend\\app\\controllers\\rentalController.js","statementMap":{"0":{"start":{"line":1,"column":13},"end":{"line":1,"column":36}},"1":{"start":{"line":3,"column":25},"end":{"line":114,"column":1}},"2":{"start":{"line":5,"column":4},"end":{"line":19,"column":36}},"3":{"start":{"line":6,"column":21},"end":{"line":17,"column":6}},"4":{"start":{"line":18,"column":6},"end":{"line":18,"column":21}},"5":{"start":{"line":19,"column":22},"end":{"line":19,"column":34}},"6":{"start":{"line":23,"column":4},"end":{"line":39,"column":36}},"7":{"start":{"line":24,"column":21},"end":{"line":24,"column":31}},"8":{"start":{"line":25,"column":21},"end":{"line":36,"column":12}},"9":{"start":{"line":37,"column":6},"end":{"line":37,"column":81}},"10":{"start":{"line":37,"column":29},"end":{"line":37,"column":81}},"11":{"start":{"line":38,"column":6},"end":{"line":38,"column":24}},"12":{"start":{"line":39,"column":22},"end":{"line":39,"column":34}},"13":{"start":{"line":42,"column":4},"end":{"line":81,"column":5}},"14":{"start":{"line":43,"column":68},"end":{"line":43,"column":76}},"15":{"start":{"line":45,"column":6},"end":{"line":45,"column":116}},"16":{"start":{"line":48,"column":29},"end":{"line":51,"column":7}},"17":{"start":{"line":53,"column":6},"end":{"line":56,"column":7}},"18":{"start":{"line":54,"column":8},"end":{"line":54,"column":88}},"19":{"start":{"line":55,"column":8},"end":{"line":55,"column":88}},"20":{"start":{"line":59,"column":23},"end":{"line":62,"column":7}},"21":{"start":{"line":64,"column":6},"end":{"line":64,"column":63}},"22":{"start":{"line":67,"column":29},"end":{"line":73,"column":7}},"23":{"start":{"line":75,"column":6},"end":{"line":75,"column":82}},"24":{"start":{"line":77,"column":6},"end":{"line":77,"column":86}},"25":{"start":{"line":79,"column":6},"end":{"line":79,"column":64}},"26":{"start":{"line":80,"column":6},"end":{"line":80,"column":18}},"27":{"start":{"line":84,"column":4},"end":{"line":104,"column":36}},"28":{"start":{"line":85,"column":21},"end":{"line":85,"column":31}},"29":{"start":{"line":86,"column":68},"end":{"line":86,"column":76}},"30":{"start":{"line":88,"column":23},"end":{"line":91,"column":7}},"31":{"start":{"line":93,"column":6},"end":{"line":93,"column":89}},"32":{"start":{"line":93,"column":37},"end":{"line":93,"column":89}},"33":{"start":{"line":96,"column":6},"end":{"line":101,"column":7}},"34":{"start":{"line":97,"column":8},"end":{"line":100,"column":10}},"35":{"start":{"line":103,"column":6},"end":{"line":103,"column":52}},"36":{"start":{"line":104,"column":22},"end":{"line":104,"column":34}},"37":{"start":{"line":107,"column":4},"end":{"line":112,"column":36}},"38":{"start":{"line":108,"column":21},"end":{"line":108,"column":31}},"39":{"start":{"line":109,"column":23},"end":{"line":109,"column":86}},"40":{"start":{"line":110,"column":6},"end":{"line":110,"column":89}},"41":{"start":{"line":110,"column":37},"end":{"line":110,"column":89}},"42":{"start":{"line":111,"column":6},"end":{"line":111,"column":50}},"43":{"start":{"line":112,"column":22},"end":{"line":112,"column":34}},"44":{"start":{"line":116,"column":0},"end":{"line":116,"column":34}}},"fnMap":{"0":{"name":"(anonymous_0)","decl":{"start":{"line":4,"column":10},"end":{"line":4,"column":11}},"loc":{"start":{"line":4,"column":36},"end":{"line":20,"column":3}},"line":4},"1":{"name":"(anonymous_1)","decl":{"start":{"line":22,"column":11},"end":{"line":22,"column":12}},"loc":{"start":{"line":22,"column":37},"end":{"line":40,"column":3}},"line":22},"2":{"name":"(anonymous_2)","decl":{"start":{"line":41,"column":10},"end":{"line":41,"column":11}},"loc":{"start":{"line":41,"column":36},"end":{"line":82,"column":3}},"line":41},"3":{"name":"(anonymous_3)","decl":{"start":{"line":83,"column":10},"end":{"line":83,"column":11}},"loc":{"start":{"line":83,"column":36},"end":{"line":105,"column":3}},"line":83},"4":{"name":"(anonymous_4)","decl":{"start":{"line":106,"column":10},"end":{"line":106,"column":11}},"loc":{"start":{"line":106,"column":36},"end":{"line":113,"column":3}},"line":106}},"branchMap":{"0":{"loc":{"start":{"line":37,"column":6},"end":{"line":37,"column":81}},"type":"if","locations":[{"start":{"line":37,"column":6},"end":{"line":37,"column":81}},{"start":{},"end":{}}],"line":37},"1":{"loc":{"start":{"line":53,"column":6},"end":{"line":56,"column":7}},"type":"if","locations":[{"start":{"line":53,"column":6},"end":{"line":56,"column":7}},{"start":{},"end":{}}],"line":53},"2":{"loc":{"start":{"line":93,"column":6},"end":{"line":93,"column":89}},"type":"if","locations":[{"start":{"line":93,"column":6},"end":{"line":93,"column":89}},{"start":{},"end":{}}],"line":93},"3":{"loc":{"start":{"line":96,"column":6},"end":{"line":101,"column":7}},"type":"if","locations":[{"start":{"line":96,"column":6},"end":{"line":101,"column":7}},{"start":{},"end":{}}],"line":96},"4":{"loc":{"start":{"line":110,"column":6},"end":{"line":110,"column":89}},"type":"if","locations":[{"start":{"line":110,"column":6},"end":{"line":110,"column":89}},{"start":{},"end":{}}],"line":110}},"s":{"0":0,"1":0,"2":0,"3":0,"4":0,"5":0,"6":0,"7":0,"8":0,"9":0,"10":0,"11":0,"12":0,"13":0,"14":0,"15":0,"16":0,"17":0,"18":0,"19":0,"20":0,"21":0,"22":0,"23":0,"24":0,"25":0,"26":0,"27":0,"28":0,"29":0,"30":0,"31":0,"32":0,"33":0,"34":0,"35":0,"36":0,"37":0,"38":0,"39":0,"40":0,"41":0,"42":0,"43":0,"44":0},"f":{"0":0,"1":0,"2":0,"3":0,"4":0},"b":{"0":[0,0],"1":[0,0],"2":[0,0],"3":[0,0],"4":[0,0]}}
,"C:\\Users\\Márk\\OneDrive\\Desktop\\Vizsgaremek_PR_FM\\Vizsgaremek_PR_FM\\Backend\\app\\controllers\\stockController.js": {"path":"C:\\Users\\Márk\\OneDrive\\Desktop\\Vizsgaremek_PR_FM\\Vizsgaremek_PR_FM\\Backend\\app\\controllers\\stockController.js","statementMap":{"0":{"start":{"line":1,"column":13},"end":{"line":1,"column":36}},"1":{"start":{"line":3,"column":24},"end":{"line":42,"column":1}},"2":{"start":{"line":5,"column":4},"end":{"line":8,"column":36}},"3":{"start":{"line":6,"column":21},"end":{"line":6,"column":75}},"4":{"start":{"line":7,"column":6},"end":{"line":7,"column":21}},"5":{"start":{"line":8,"column":22},"end":{"line":8,"column":34}},"6":{"start":{"line":11,"column":4},"end":{"line":16,"column":36}},"7":{"start":{"line":12,"column":21},"end":{"line":12,"column":31}},"8":{"start":{"line":13,"column":21},"end":{"line":13,"column":82}},"9":{"start":{"line":14,"column":6},"end":{"line":14,"column":81}},"10":{"start":{"line":14,"column":29},"end":{"line":14,"column":81}},"11":{"start":{"line":15,"column":6},"end":{"line":15,"column":24}},"12":{"start":{"line":16,"column":22},"end":{"line":16,"column":34}},"13":{"start":{"line":19,"column":4},"end":{"line":23,"column":36}},"14":{"start":{"line":20,"column":34},"end":{"line":20,"column":42}},"15":{"start":{"line":21,"column":23},"end":{"line":21,"column":119}},"16":{"start":{"line":22,"column":6},"end":{"line":22,"column":87}},"17":{"start":{"line":23,"column":22},"end":{"line":23,"column":34}},"18":{"start":{"line":26,"column":4},"end":{"line":32,"column":36}},"19":{"start":{"line":27,"column":21},"end":{"line":27,"column":31}},"20":{"start":{"line":28,"column":34},"end":{"line":28,"column":42}},"21":{"start":{"line":29,"column":23},"end":{"line":29,"column":122}},"22":{"start":{"line":30,"column":6},"end":{"line":30,"column":89}},"23":{"start":{"line":30,"column":37},"end":{"line":30,"column":89}},"24":{"start":{"line":31,"column":6},"end":{"line":31,"column":53}},"25":{"start":{"line":32,"column":22},"end":{"line":32,"column":34}},"26":{"start":{"line":35,"column":4},"end":{"line":40,"column":36}},"27":{"start":{"line":36,"column":21},"end":{"line":36,"column":31}},"28":{"start":{"line":37,"column":23},"end":{"line":37,"column":82}},"29":{"start":{"line":38,"column":6},"end":{"line":38,"column":89}},"30":{"start":{"line":38,"column":37},"end":{"line":38,"column":89}},"31":{"start":{"line":39,"column":6},"end":{"line":39,"column":51}},"32":{"start":{"line":40,"column":22},"end":{"line":40,"column":34}},"33":{"start":{"line":44,"column":0},"end":{"line":44,"column":33}}},"fnMap":{"0":{"name":"(anonymous_0)","decl":{"start":{"line":4,"column":10},"end":{"line":4,"column":11}},"loc":{"start":{"line":4,"column":36},"end":{"line":9,"column":3}},"line":4},"1":{"name":"(anonymous_1)","decl":{"start":{"line":10,"column":11},"end":{"line":10,"column":12}},"loc":{"start":{"line":10,"column":37},"end":{"line":17,"column":3}},"line":10},"2":{"name":"(anonymous_2)","decl":{"start":{"line":18,"column":10},"end":{"line":18,"column":11}},"loc":{"start":{"line":18,"column":36},"end":{"line":24,"column":3}},"line":18},"3":{"name":"(anonymous_3)","decl":{"start":{"line":25,"column":10},"end":{"line":25,"column":11}},"loc":{"start":{"line":25,"column":36},"end":{"line":33,"column":3}},"line":25},"4":{"name":"(anonymous_4)","decl":{"start":{"line":34,"column":10},"end":{"line":34,"column":11}},"loc":{"start":{"line":34,"column":36},"end":{"line":41,"column":3}},"line":34}},"branchMap":{"0":{"loc":{"start":{"line":14,"column":6},"end":{"line":14,"column":81}},"type":"if","locations":[{"start":{"line":14,"column":6},"end":{"line":14,"column":81}},{"start":{},"end":{}}],"line":14},"1":{"loc":{"start":{"line":21,"column":101},"end":{"line":21,"column":117}},"type":"binary-expr","locations":[{"start":{"line":21,"column":101},"end":{"line":21,"column":112}},{"start":{"line":21,"column":116},"end":{"line":21,"column":117}}],"line":21},"2":{"loc":{"start":{"line":30,"column":6},"end":{"line":30,"column":89}},"type":"if","locations":[{"start":{"line":30,"column":6},"end":{"line":30,"column":89}},{"start":{},"end":{}}],"line":30},"3":{"loc":{"start":{"line":38,"column":6},"end":{"line":38,"column":89}},"type":"if","locations":[{"start":{"line":38,"column":6},"end":{"line":38,"column":89}},{"start":{},"end":{}}],"line":38}},"s":{"0":0,"1":0,"2":0,"3":0,"4":0,"5":0,"6":0,"7":0,"8":0,"9":0,"10":0,"11":0,"12":0,"13":0,"14":0,"15":0,"16":0,"17":0,"18":0,"19":0,"20":0,"21":0,"22":0,"23":0,"24":0,"25":0,"26":0,"27":0,"28":0,"29":0,"30":0,"31":0,"32":0,"33":0},"f":{"0":0,"1":0,"2":0,"3":0,"4":0},"b":{"0":[0,0],"1":[0,0],"2":[0,0],"3":[0,0]}}
,"C:\\Users\\Márk\\OneDrive\\Desktop\\Vizsgaremek_PR_FM\\Vizsgaremek_PR_FM\\Backend\\app\\controllers\\studentController.js": {"path":"C:\\Users\\Márk\\OneDrive\\Desktop\\Vizsgaremek_PR_FM\\Vizsgaremek_PR_FM\\Backend\\app\\controllers\\studentController.js","statementMap":{"0":{"start":{"line":1,"column":13},"end":{"line":1,"column":36}},"1":{"start":{"line":3,"column":26},"end":{"line":71,"column":1}},"2":{"start":{"line":5,"column":4},"end":{"line":17,"column":36}},"3":{"start":{"line":6,"column":21},"end":{"line":15,"column":6}},"4":{"start":{"line":16,"column":6},"end":{"line":16,"column":21}},"5":{"start":{"line":17,"column":22},"end":{"line":17,"column":34}},"6":{"start":{"line":21,"column":4},"end":{"line":35,"column":36}},"7":{"start":{"line":22,"column":21},"end":{"line":22,"column":31}},"8":{"start":{"line":23,"column":21},"end":{"line":32,"column":12}},"9":{"start":{"line":33,"column":6},"end":{"line":33,"column":81}},"10":{"start":{"line":33,"column":29},"end":{"line":33,"column":81}},"11":{"start":{"line":34,"column":6},"end":{"line":34,"column":24}},"12":{"start":{"line":35,"column":22},"end":{"line":35,"column":34}},"13":{"start":{"line":39,"column":4},"end":{"line":49,"column":5}},"14":{"start":{"line":40,"column":81},"end":{"line":40,"column":89}},"15":{"start":{"line":41,"column":23},"end":{"line":44,"column":7}},"16":{"start":{"line":45,"column":6},"end":{"line":45,"column":80}},"17":{"start":{"line":47,"column":6},"end":{"line":47,"column":58}},"18":{"start":{"line":48,"column":6},"end":{"line":48,"column":18}},"19":{"start":{"line":52,"column":4},"end":{"line":61,"column":36}},"20":{"start":{"line":53,"column":21},"end":{"line":53,"column":31}},"21":{"start":{"line":54,"column":81},"end":{"line":54,"column":89}},"22":{"start":{"line":55,"column":23},"end":{"line":58,"column":7}},"23":{"start":{"line":59,"column":6},"end":{"line":59,"column":98}},"24":{"start":{"line":59,"column":37},"end":{"line":59,"column":98}},"25":{"start":{"line":60,"column":6},"end":{"line":60,"column":46}},"26":{"start":{"line":61,"column":22},"end":{"line":61,"column":34}},"27":{"start":{"line":64,"column":4},"end":{"line":69,"column":36}},"28":{"start":{"line":65,"column":21},"end":{"line":65,"column":31}},"29":{"start":{"line":66,"column":23},"end":{"line":66,"column":80}},"30":{"start":{"line":67,"column":6},"end":{"line":67,"column":89}},"31":{"start":{"line":67,"column":37},"end":{"line":67,"column":89}},"32":{"start":{"line":68,"column":6},"end":{"line":68,"column":44}},"33":{"start":{"line":69,"column":22},"end":{"line":69,"column":34}},"34":{"start":{"line":73,"column":0},"end":{"line":73,"column":35}}},"fnMap":{"0":{"name":"(anonymous_0)","decl":{"start":{"line":4,"column":10},"end":{"line":4,"column":11}},"loc":{"start":{"line":4,"column":36},"end":{"line":18,"column":3}},"line":4},"1":{"name":"(anonymous_1)","decl":{"start":{"line":20,"column":11},"end":{"line":20,"column":12}},"loc":{"start":{"line":20,"column":37},"end":{"line":36,"column":3}},"line":20},"2":{"name":"(anonymous_2)","decl":{"start":{"line":38,"column":10},"end":{"line":38,"column":11}},"loc":{"start":{"line":38,"column":36},"end":{"line":50,"column":3}},"line":38},"3":{"name":"(anonymous_3)","decl":{"start":{"line":51,"column":10},"end":{"line":51,"column":11}},"loc":{"start":{"line":51,"column":36},"end":{"line":62,"column":3}},"line":51},"4":{"name":"(anonymous_4)","decl":{"start":{"line":63,"column":10},"end":{"line":63,"column":11}},"loc":{"start":{"line":63,"column":36},"end":{"line":70,"column":3}},"line":63}},"branchMap":{"0":{"loc":{"start":{"line":33,"column":6},"end":{"line":33,"column":81}},"type":"if","locations":[{"start":{"line":33,"column":6},"end":{"line":33,"column":81}},{"start":{},"end":{}}],"line":33},"1":{"loc":{"start":{"line":43,"column":14},"end":{"line":43,"column":31}},"type":"binary-expr","locations":[{"start":{"line":43,"column":14},"end":{"line":43,"column":23}},{"start":{"line":43,"column":27},"end":{"line":43,"column":31}}],"line":43},"2":{"loc":{"start":{"line":43,"column":33},"end":{"line":43,"column":46}},"type":"binary-expr","locations":[{"start":{"line":43,"column":33},"end":{"line":43,"column":38}},{"start":{"line":43,"column":42},"end":{"line":43,"column":46}}],"line":43},"3":{"loc":{"start":{"line":43,"column":48},"end":{"line":43,"column":65}},"type":"binary-expr","locations":[{"start":{"line":43,"column":48},"end":{"line":43,"column":57}},{"start":{"line":43,"column":61},"end":{"line":43,"column":65}}],"line":43},"4":{"loc":{"start":{"line":43,"column":67},"end":{"line":43,"column":88}},"type":"binary-expr","locations":[{"start":{"line":43,"column":67},"end":{"line":43,"column":80}},{"start":{"line":43,"column":84},"end":{"line":43,"column":88}}],"line":43},"5":{"loc":{"start":{"line":43,"column":90},"end":{"line":43,"column":111}},"type":"binary-expr","locations":[{"start":{"line":43,"column":90},"end":{"line":43,"column":103}},{"start":{"line":43,"column":107},"end":{"line":43,"column":111}}],"line":43},"6":{"loc":{"start":{"line":57,"column":14},"end":{"line":57,"column":31}},"type":"binary-expr","locations":[{"start":{"line":57,"column":14},"end":{"line":57,"column":23}},{"start":{"line":57,"column":27},"end":{"line":57,"column":31}}],"line":57},"7":{"loc":{"start":{"line":57,"column":33},"end":{"line":57,"column":46}},"type":"binary-expr","locations":[{"start":{"line":57,"column":33},"end":{"line":57,"column":38}},{"start":{"line":57,"column":42},"end":{"line":57,"column":46}}],"line":57},"8":{"loc":{"start":{"line":57,"column":48},"end":{"line":57,"column":65}},"type":"binary-expr","locations":[{"start":{"line":57,"column":48},"end":{"line":57,"column":57}},{"start":{"line":57,"column":61},"end":{"line":57,"column":65}}],"line":57},"9":{"loc":{"start":{"line":57,"column":67},"end":{"line":57,"column":88}},"type":"binary-expr","locations":[{"start":{"line":57,"column":67},"end":{"line":57,"column":80}},{"start":{"line":57,"column":84},"end":{"line":57,"column":88}}],"line":57},"10":{"loc":{"start":{"line":57,"column":90},"end":{"line":57,"column":111}},"type":"binary-expr","locations":[{"start":{"line":57,"column":90},"end":{"line":57,"column":103}},{"start":{"line":57,"column":107},"end":{"line":57,"column":111}}],"line":57},"11":{"loc":{"start":{"line":59,"column":6},"end":{"line":59,"column":98}},"type":"if","locations":[{"start":{"line":59,"column":6},"end":{"line":59,"column":98}},{"start":{},"end":{}}],"line":59},"12":{"loc":{"start":{"line":67,"column":6},"end":{"line":67,"column":89}},"type":"if","locations":[{"start":{"line":67,"column":6},"end":{"line":67,"column":89}},{"start":{},"end":{}}],"line":67}},"s":{"0":0,"1":0,"2":0,"3":0,"4":0,"5":0,"6":0,"7":0,"8":0,"9":0,"10":0,"11":0,"12":0,"13":0,"14":0,"15":0,"16":0,"17":0,"18":0,"19":0,"20":0,"21":0,"22":0,"23":0,"24":0,"25":0,"26":0,"27":0,"28":0,"29":0,"30":0,"31":0,"32":0,"33":0,"34":0},"f":{"0":0,"1":0,"2":0,"3":0,"4":0},"b":{"0":[0,0],"1":[0,0],"2":[0,0],"3":[0,0],"4":[0,0],"5":[0,0],"6":[0,0],"7":[0,0],"8":[0,0],"9":[0,0],"10":[0,0],"11":[0,0],"12":[0,0]}}
,"C:\\Users\\Márk\\OneDrive\\Desktop\\Vizsgaremek_PR_FM\\Vizsgaremek_PR_FM\\Backend\\app\\controllers\\teacherController.js": {"path":"C:\\Users\\Márk\\OneDrive\\Desktop\\Vizsgaremek_PR_FM\\Vizsgaremek_PR_FM\\Backend\\app\\controllers\\teacherController.js","statementMap":{"0":{"start":{"line":1,"column":13},"end":{"line":1,"column":36}},"1":{"start":{"line":3,"column":26},"end":{"line":110,"column":1}},"2":{"start":{"line":5,"column":4},"end":{"line":22,"column":5}},"3":{"start":{"line":6,"column":21},"end":{"line":17,"column":6}},"4":{"start":{"line":18,"column":6},"end":{"line":18,"column":43}},"5":{"start":{"line":19,"column":6},"end":{"line":19,"column":21}},"6":{"start":{"line":21,"column":6},"end":{"line":21,"column":18}},"7":{"start":{"line":26,"column":4},"end":{"line":43,"column":5}},"8":{"start":{"line":27,"column":21},"end":{"line":27,"column":31}},"9":{"start":{"line":28,"column":21},"end":{"line":28,"column":81}},"10":{"start":{"line":29,"column":6},"end":{"line":29,"column":81}},"11":{"start":{"line":29,"column":29},"end":{"line":29,"column":81}},"12":{"start":{"line":31,"column":22},"end":{"line":39,"column":7}},"13":{"start":{"line":40,"column":6},"end":{"line":40,"column":24}},"14":{"start":{"line":42,"column":6},"end":{"line":42,"column":18}},"15":{"start":{"line":47,"column":4},"end":{"line":64,"column":5}},"16":{"start":{"line":49,"column":73},"end":{"line":49,"column":81}},"17":{"start":{"line":51,"column":6},"end":{"line":53,"column":7}},"18":{"start":{"line":52,"column":8},"end":{"line":52,"column":81}},"19":{"start":{"line":55,"column":23},"end":{"line":58,"column":7}},"20":{"start":{"line":60,"column":6},"end":{"line":60,"column":82}},"21":{"start":{"line":62,"column":6},"end":{"line":62,"column":61}},"22":{"start":{"line":63,"column":6},"end":{"line":63,"column":18}},"23":{"start":{"line":68,"column":4},"end":{"line":85,"column":5}},"24":{"start":{"line":69,"column":21},"end":{"line":69,"column":31}},"25":{"start":{"line":70,"column":73},"end":{"line":70,"column":81}},"26":{"start":{"line":72,"column":23},"end":{"line":75,"column":7}},"27":{"start":{"line":77,"column":6},"end":{"line":79,"column":7}},"28":{"start":{"line":78,"column":8},"end":{"line":78,"column":71}},"29":{"start":{"line":81,"column":6},"end":{"line":81,"column":48}},"30":{"start":{"line":83,"column":6},"end":{"line":83,"column":60}},"31":{"start":{"line":84,"column":6},"end":{"line":84,"column":18}},"32":{"start":{"line":89,"column":4},"end":{"line":108,"column":5}},"33":{"start":{"line":90,"column":21},"end":{"line":90,"column":31}},"34":{"start":{"line":93,"column":24},"end":{"line":93,"column":85}},"35":{"start":{"line":94,"column":6},"end":{"line":96,"column":7}},"36":{"start":{"line":95,"column":8},"end":{"line":95,"column":71}},"37":{"start":{"line":99,"column":6},"end":{"line":99,"column":76}},"38":{"start":{"line":102,"column":6},"end":{"line":102,"column":65}},"39":{"start":{"line":104,"column":6},"end":{"line":104,"column":46}},"40":{"start":{"line":106,"column":6},"end":{"line":106,"column":57}},"41":{"start":{"line":107,"column":6},"end":{"line":107,"column":18}},"42":{"start":{"line":112,"column":0},"end":{"line":112,"column":35}}},"fnMap":{"0":{"name":"(anonymous_0)","decl":{"start":{"line":4,"column":10},"end":{"line":4,"column":11}},"loc":{"start":{"line":4,"column":36},"end":{"line":23,"column":3}},"line":4},"1":{"name":"(anonymous_1)","decl":{"start":{"line":25,"column":11},"end":{"line":25,"column":12}},"loc":{"start":{"line":25,"column":37},"end":{"line":44,"column":3}},"line":25},"2":{"name":"(anonymous_2)","decl":{"start":{"line":46,"column":10},"end":{"line":46,"column":11}},"loc":{"start":{"line":46,"column":36},"end":{"line":65,"column":3}},"line":46},"3":{"name":"(anonymous_3)","decl":{"start":{"line":67,"column":10},"end":{"line":67,"column":11}},"loc":{"start":{"line":67,"column":36},"end":{"line":86,"column":3}},"line":67},"4":{"name":"(anonymous_4)","decl":{"start":{"line":88,"column":10},"end":{"line":88,"column":11}},"loc":{"start":{"line":88,"column":36},"end":{"line":109,"column":3}},"line":88}},"branchMap":{"0":{"loc":{"start":{"line":29,"column":6},"end":{"line":29,"column":81}},"type":"if","locations":[{"start":{"line":29,"column":6},"end":{"line":29,"column":81}},{"start":{},"end":{}}],"line":29},"1":{"loc":{"start":{"line":51,"column":6},"end":{"line":53,"column":7}},"type":"if","locations":[{"start":{"line":51,"column":6},"end":{"line":53,"column":7}},{"start":{},"end":{}}],"line":51},"2":{"loc":{"start":{"line":51,"column":10},"end":{"line":51,"column":25}},"type":"binary-expr","locations":[{"start":{"line":51,"column":10},"end":{"line":51,"column":15}},{"start":{"line":51,"column":19},"end":{"line":51,"column":25}}],"line":51},"3":{"loc":{"start":{"line":57,"column":15},"end":{"line":57,"column":28}},"type":"binary-expr","locations":[{"start":{"line":57,"column":15},"end":{"line":57,"column":20}},{"start":{"line":57,"column":24},"end":{"line":57,"column":28}}],"line":57},"4":{"loc":{"start":{"line":57,"column":37},"end":{"line":57,"column":55}},"type":"binary-expr","locations":[{"start":{"line":57,"column":37},"end":{"line":57,"column":47}},{"start":{"line":57,"column":51},"end":{"line":57,"column":55}}],"line":57},"5":{"loc":{"start":{"line":57,"column":57},"end":{"line":57,"column":74}},"type":"binary-expr","locations":[{"start":{"line":57,"column":57},"end":{"line":57,"column":66}},{"start":{"line":57,"column":70},"end":{"line":57,"column":74}}],"line":57},"6":{"loc":{"start":{"line":57,"column":76},"end":{"line":57,"column":95}},"type":"binary-expr","locations":[{"start":{"line":57,"column":76},"end":{"line":57,"column":87}},{"start":{"line":57,"column":91},"end":{"line":57,"column":95}}],"line":57},"7":{"loc":{"start":{"line":74,"column":15},"end":{"line":74,"column":28}},"type":"binary-expr","locations":[{"start":{"line":74,"column":15},"end":{"line":74,"column":20}},{"start":{"line":74,"column":24},"end":{"line":74,"column":28}}],"line":74},"8":{"loc":{"start":{"line":74,"column":37},"end":{"line":74,"column":55}},"type":"binary-expr","locations":[{"start":{"line":74,"column":37},"end":{"line":74,"column":47}},{"start":{"line":74,"column":51},"end":{"line":74,"column":55}}],"line":74},"9":{"loc":{"start":{"line":74,"column":57},"end":{"line":74,"column":74}},"type":"binary-expr","locations":[{"start":{"line":74,"column":57},"end":{"line":74,"column":66}},{"start":{"line":74,"column":70},"end":{"line":74,"column":74}}],"line":74},"10":{"loc":{"start":{"line":74,"column":76},"end":{"line":74,"column":95}},"type":"binary-expr","locations":[{"start":{"line":74,"column":76},"end":{"line":74,"column":87}},{"start":{"line":74,"column":91},"end":{"line":74,"column":95}}],"line":74},"11":{"loc":{"start":{"line":77,"column":6},"end":{"line":79,"column":7}},"type":"if","locations":[{"start":{"line":77,"column":6},"end":{"line":79,"column":7}},{"start":{},"end":{}}],"line":77},"12":{"loc":{"start":{"line":94,"column":6},"end":{"line":96,"column":7}},"type":"if","locations":[{"start":{"line":94,"column":6},"end":{"line":96,"column":7}},{"start":{},"end":{}}],"line":94}},"s":{"0":0,"1":0,"2":0,"3":0,"4":0,"5":0,"6":0,"7":0,"8":0,"9":0,"10":0,"11":0,"12":0,"13":0,"14":0,"15":0,"16":0,"17":0,"18":0,"19":0,"20":0,"21":0,"22":0,"23":0,"24":0,"25":0,"26":0,"27":0,"28":0,"29":0,"30":0,"31":0,"32":0,"33":0,"34":0,"35":0,"36":0,"37":0,"38":0,"39":0,"40":0,"41":0,"42":0},"f":{"0":0,"1":0,"2":0,"3":0,"4":0},"b":{"0":[0,0],"1":[0,0],"2":[0,0],"3":[0,0],"4":[0,0],"5":[0,0],"6":[0,0],"7":[0,0],"8":[0,0],"9":[0,0],"10":[0,0],"11":[0,0],"12":[0,0]}}
,"C:\\Users\\Márk\\OneDrive\\Desktop\\Vizsgaremek_PR_FM\\Vizsgaremek_PR_FM\\Backend\\app\\controllers\\teacherSkillController.js": {"path":"C:\\Users\\Márk\\OneDrive\\Desktop\\Vizsgaremek_PR_FM\\Vizsgaremek_PR_FM\\Backend\\app\\controllers\\teacherSkillController.js","statementMap":{"0":{"start":{"line":1,"column":13},"end":{"line":1,"column":36}},"1":{"start":{"line":3,"column":31},"end":{"line":53,"column":1}},"2":{"start":{"line":5,"column":4},"end":{"line":15,"column":36}},"3":{"start":{"line":6,"column":21},"end":{"line":13,"column":8}},"4":{"start":{"line":14,"column":6},"end":{"line":14,"column":21}},"5":{"start":{"line":15,"column":22},"end":{"line":15,"column":34}},"6":{"start":{"line":19,"column":4},"end":{"line":31,"column":36}},"7":{"start":{"line":20,"column":21},"end":{"line":20,"column":31}},"8":{"start":{"line":21,"column":21},"end":{"line":28,"column":14}},"9":{"start":{"line":29,"column":6},"end":{"line":29,"column":81}},"10":{"start":{"line":29,"column":29},"end":{"line":29,"column":81}},"11":{"start":{"line":30,"column":6},"end":{"line":30,"column":24}},"12":{"start":{"line":31,"column":22},"end":{"line":31,"column":34}},"13":{"start":{"line":35,"column":4},"end":{"line":42,"column":36}},"14":{"start":{"line":36,"column":38},"end":{"line":36,"column":46}},"15":{"start":{"line":37,"column":23},"end":{"line":40,"column":7}},"16":{"start":{"line":41,"column":6},"end":{"line":41,"column":101}},"17":{"start":{"line":42,"column":22},"end":{"line":42,"column":34}},"18":{"start":{"line":46,"column":4},"end":{"line":51,"column":36}},"19":{"start":{"line":47,"column":21},"end":{"line":47,"column":31}},"20":{"start":{"line":48,"column":23},"end":{"line":48,"column":87}},"21":{"start":{"line":49,"column":6},"end":{"line":49,"column":89}},"22":{"start":{"line":49,"column":37},"end":{"line":49,"column":89}},"23":{"start":{"line":50,"column":6},"end":{"line":50,"column":49}},"24":{"start":{"line":51,"column":22},"end":{"line":51,"column":34}},"25":{"start":{"line":55,"column":0},"end":{"line":55,"column":40}}},"fnMap":{"0":{"name":"(anonymous_0)","decl":{"start":{"line":4,"column":10},"end":{"line":4,"column":11}},"loc":{"start":{"line":4,"column":36},"end":{"line":16,"column":3}},"line":4},"1":{"name":"(anonymous_1)","decl":{"start":{"line":18,"column":11},"end":{"line":18,"column":12}},"loc":{"start":{"line":18,"column":37},"end":{"line":32,"column":3}},"line":18},"2":{"name":"(anonymous_2)","decl":{"start":{"line":34,"column":10},"end":{"line":34,"column":11}},"loc":{"start":{"line":34,"column":36},"end":{"line":43,"column":3}},"line":34},"3":{"name":"(anonymous_3)","decl":{"start":{"line":45,"column":10},"end":{"line":45,"column":11}},"loc":{"start":{"line":45,"column":36},"end":{"line":52,"column":3}},"line":45}},"branchMap":{"0":{"loc":{"start":{"line":29,"column":6},"end":{"line":29,"column":81}},"type":"if","locations":[{"start":{"line":29,"column":6},"end":{"line":29,"column":81}},{"start":{},"end":{}}],"line":29},"1":{"loc":{"start":{"line":49,"column":6},"end":{"line":49,"column":89}},"type":"if","locations":[{"start":{"line":49,"column":6},"end":{"line":49,"column":89}},{"start":{},"end":{}}],"line":49}},"s":{"0":0,"1":0,"2":0,"3":0,"4":0,"5":0,"6":0,"7":0,"8":0,"9":0,"10":0,"11":0,"12":0,"13":0,"14":0,"15":0,"16":0,"17":0,"18":0,"19":0,"20":0,"21":0,"22":0,"23":0,"24":0,"25":0},"f":{"0":0,"1":0,"2":0,"3":0},"b":{"0":[0,0],"1":[0,0]}}
,"C:\\Users\\Márk\\OneDrive\\Desktop\\Vizsgaremek_PR_FM\\Vizsgaremek_PR_FM\\Backend\\app\\controllers\\userController.js": {"path":"C:\\Users\\Márk\\OneDrive\\Desktop\\Vizsgaremek_PR_FM\\Vizsgaremek_PR_FM\\Backend\\app\\controllers\\userController.js","statementMap":{"0":{"start":{"line":1,"column":13},"end":{"line":1,"column":36}},"1":{"start":{"line":2,"column":15},"end":{"line":2,"column":32}},"2":{"start":{"line":4,"column":23},"end":{"line":58,"column":1}},"3":{"start":{"line":6,"column":4},"end":{"line":9,"column":36}},"4":{"start":{"line":7,"column":21},"end":{"line":7,"column":121}},"5":{"start":{"line":8,"column":6},"end":{"line":8,"column":21}},"6":{"start":{"line":9,"column":22},"end":{"line":9,"column":34}},"7":{"start":{"line":12,"column":4},"end":{"line":17,"column":36}},"8":{"start":{"line":13,"column":21},"end":{"line":13,"column":31}},"9":{"start":{"line":14,"column":21},"end":{"line":14,"column":128}},"10":{"start":{"line":15,"column":6},"end":{"line":15,"column":81}},"11":{"start":{"line":15,"column":29},"end":{"line":15,"column":81}},"12":{"start":{"line":16,"column":6},"end":{"line":16,"column":24}},"13":{"start":{"line":17,"column":22},"end":{"line":17,"column":34}},"14":{"start":{"line":20,"column":4},"end":{"line":28,"column":36}},"15":{"start":{"line":21,"column":51},"end":{"line":21,"column":59}},"16":{"start":{"line":22,"column":29},"end":{"line":22,"column":58}},"17":{"start":{"line":23,"column":23},"end":{"line":26,"column":7}},"18":{"start":{"line":27,"column":6},"end":{"line":27,"column":87}},"19":{"start":{"line":28,"column":22},"end":{"line":28,"column":34}},"20":{"start":{"line":31,"column":4},"end":{"line":48,"column":36}},"21":{"start":{"line":32,"column":21},"end":{"line":32,"column":31}},"22":{"start":{"line":33,"column":51},"end":{"line":33,"column":59}},"23":{"start":{"line":34,"column":18},"end":{"line":34,"column":83}},"24":{"start":{"line":35,"column":19},"end":{"line":35,"column":45}},"25":{"start":{"line":37,"column":6},"end":{"line":41,"column":7}},"26":{"start":{"line":38,"column":31},"end":{"line":38,"column":60}},"27":{"start":{"line":39,"column":8},"end":{"line":39,"column":32}},"28":{"start":{"line":40,"column":8},"end":{"line":40,"column":36}},"29":{"start":{"line":42,"column":6},"end":{"line":42,"column":31}},"30":{"start":{"line":43,"column":6},"end":{"line":43,"column":22}},"31":{"start":{"line":45,"column":23},"end":{"line":45,"column":54}},"32":{"start":{"line":46,"column":6},"end":{"line":46,"column":89}},"33":{"start":{"line":46,"column":37},"end":{"line":46,"column":89}},"34":{"start":{"line":47,"column":6},"end":{"line":47,"column":53}},"35":{"start":{"line":48,"column":22},"end":{"line":48,"column":34}},"36":{"start":{"line":51,"column":4},"end":{"line":56,"column":36}},"37":{"start":{"line":52,"column":21},"end":{"line":52,"column":31}},"38":{"start":{"line":53,"column":23},"end":{"line":53,"column":89}},"39":{"start":{"line":54,"column":6},"end":{"line":54,"column":89}},"40":{"start":{"line":54,"column":37},"end":{"line":54,"column":89}},"41":{"start":{"line":55,"column":6},"end":{"line":55,"column":51}},"42":{"start":{"line":56,"column":22},"end":{"line":56,"column":34}},"43":{"start":{"line":60,"column":0},"end":{"line":60,"column":32}}},"fnMap":{"0":{"name":"(anonymous_0)","decl":{"start":{"line":5,"column":10},"end":{"line":5,"column":11}},"loc":{"start":{"line":5,"column":36},"end":{"line":10,"column":3}},"line":5},"1":{"name":"(anonymous_1)","decl":{"start":{"line":11,"column":11},"end":{"line":11,"column":12}},"loc":{"start":{"line":11,"column":37},"end":{"line":18,"column":3}},"line":11},"2":{"name":"(anonymous_2)","decl":{"start":{"line":19,"column":10},"end":{"line":19,"column":11}},"loc":{"start":{"line":19,"column":36},"end":{"line":29,"column":3}},"line":19},"3":{"name":"(anonymous_3)","decl":{"start":{"line":30,"column":10},"end":{"line":30,"column":11}},"loc":{"start":{"line":30,"column":36},"end":{"line":49,"column":3}},"line":30},"4":{"name":"(anonymous_4)","decl":{"start":{"line":50,"column":10},"end":{"line":50,"column":11}},"loc":{"start":{"line":50,"column":36},"end":{"line":57,"column":3}},"line":50}},"branchMap":{"0":{"loc":{"start":{"line":15,"column":6},"end":{"line":15,"column":81}},"type":"if","locations":[{"start":{"line":15,"column":6},"end":{"line":15,"column":81}},{"start":{},"end":{}}],"line":15},"1":{"loc":{"start":{"line":37,"column":6},"end":{"line":41,"column":7}},"type":"if","locations":[{"start":{"line":37,"column":6},"end":{"line":41,"column":7}},{"start":{},"end":{}}],"line":37},"2":{"loc":{"start":{"line":37,"column":10},"end":{"line":37,"column":33}},"type":"binary-expr","locations":[{"start":{"line":37,"column":10},"end":{"line":37,"column":16}},{"start":{"line":37,"column":20},"end":{"line":37,"column":33}}],"line":37},"3":{"loc":{"start":{"line":46,"column":6},"end":{"line":46,"column":89}},"type":"if","locations":[{"start":{"line":46,"column":6},"end":{"line":46,"column":89}},{"start":{},"end":{}}],"line":46},"4":{"loc":{"start":{"line":54,"column":6},"end":{"line":54,"column":89}},"type":"if","locations":[{"start":{"line":54,"column":6},"end":{"line":54,"column":89}},{"start":{},"end":{}}],"line":54}},"s":{"0":0,"1":0,"2":0,"3":0,"4":0,"5":0,"6":0,"7":0,"8":0,"9":0,"10":0,"11":0,"12":0,"13":0,"14":0,"15":0,"16":0,"17":0,"18":0,"19":0,"20":0,"21":0,"22":0,"23":0,"24":0,"25":0,"26":0,"27":0,"28":0,"29":0,"30":0,"31":0,"32":0,"33":0,"34":0,"35":0,"36":0,"37":0,"38":0,"39":0,"40":0,"41":0,"42":0,"43":0},"f":{"0":0,"1":0,"2":0,"3":0,"4":0},"b":{"0":[0,0],"1":[0,0],"2":[0,0],"3":[0,0],"4":[0,0]}}
,"C:\\Users\\Márk\\OneDrive\\Desktop\\Vizsgaremek_PR_FM\\Vizsgaremek_PR_FM\\Backend\\app\\models\\applicationModel.js": {"path":"C:\\Users\\Márk\\OneDrive\\Desktop\\Vizsgaremek_PR_FM\\Vizsgaremek_PR_FM\\Backend\\app\\models\\applicationModel.js","statementMap":{"0":{"start":{"line":1,"column":13},"end":{"line":1,"column":28}},"1":{"start":{"line":3,"column":25},"end":{"line":41,"column":1}},"2":{"start":{"line":6,"column":19},"end":{"line":6,"column":91}},"3":{"start":{"line":7,"column":4},"end":{"line":7,"column":16}},"4":{"start":{"line":12,"column":19},"end":{"line":12,"column":85}},"5":{"start":{"line":13,"column":4},"end":{"line":13,"column":19}},"6":{"start":{"line":18,"column":89},"end":{"line":18,"column":100}},"7":{"start":{"line":19,"column":16},"end":{"line":21,"column":55}},"8":{"start":{"line":22,"column":21},"end":{"line":25,"column":6}},"9":{"start":{"line":26,"column":4},"end":{"line":26,"column":27}},"10":{"start":{"line":31,"column":16},"end":{"line":31,"column":67}},"11":{"start":{"line":32,"column":21},"end":{"line":32,"column":56}},"12":{"start":{"line":33,"column":4},"end":{"line":33,"column":35}},"13":{"start":{"line":38,"column":21},"end":{"line":38,"column":85}},"14":{"start":{"line":39,"column":4},"end":{"line":39,"column":35}},"15":{"start":{"line":43,"column":0},"end":{"line":43,"column":34}}},"fnMap":{"0":{"name":"(anonymous_0)","decl":{"start":{"line":5,"column":10},"end":{"line":5,"column":11}},"loc":{"start":{"line":5,"column":22},"end":{"line":8,"column":3}},"line":5},"1":{"name":"(anonymous_1)","decl":{"start":{"line":11,"column":11},"end":{"line":11,"column":12}},"loc":{"start":{"line":11,"column":25},"end":{"line":14,"column":3}},"line":11},"2":{"name":"(anonymous_2)","decl":{"start":{"line":17,"column":10},"end":{"line":17,"column":11}},"loc":{"start":{"line":17,"column":33},"end":{"line":27,"column":3}},"line":17},"3":{"name":"(anonymous_3)","decl":{"start":{"line":30,"column":16},"end":{"line":30,"column":17}},"loc":{"start":{"line":30,"column":38},"end":{"line":34,"column":3}},"line":30},"4":{"name":"(anonymous_4)","decl":{"start":{"line":37,"column":10},"end":{"line":37,"column":11}},"loc":{"start":{"line":37,"column":24},"end":{"line":40,"column":3}},"line":37}},"branchMap":{"0":{"loc":{"start":{"line":23,"column":26},"end":{"line":23,"column":43}},"type":"binary-expr","locations":[{"start":{"line":23,"column":26},"end":{"line":23,"column":35}},{"start":{"line":23,"column":39},"end":{"line":23,"column":43}}],"line":23},"1":{"loc":{"start":{"line":24,"column":6},"end":{"line":24,"column":24}},"type":"binary-expr","locations":[{"start":{"line":24,"column":6},"end":{"line":24,"column":16}},{"start":{"line":24,"column":20},"end":{"line":24,"column":24}}],"line":24},"2":{"loc":{"start":{"line":24,"column":26},"end":{"line":24,"column":39}},"type":"binary-expr","locations":[{"start":{"line":24,"column":26},"end":{"line":24,"column":31}},{"start":{"line":24,"column":35},"end":{"line":24,"column":39}}],"line":24},"3":{"loc":{"start":{"line":24,"column":41},"end":{"line":24,"column":62}},"type":"binary-expr","locations":[{"start":{"line":24,"column":41},"end":{"line":24,"column":54}},{"start":{"line":24,"column":58},"end":{"line":24,"column":62}}],"line":24},"4":{"loc":{"start":{"line":24,"column":64},"end":{"line":24,"column":79}},"type":"binary-expr","locations":[{"start":{"line":24,"column":64},"end":{"line":24,"column":71}},{"start":{"line":24,"column":75},"end":{"line":24,"column":79}}],"line":24}},"s":{"0":0,"1":0,"2":0,"3":0,"4":0,"5":0,"6":0,"7":0,"8":0,"9":0,"10":0,"11":0,"12":0,"13":0,"14":0,"15":0},"f":{"0":0,"1":0,"2":0,"3":0,"4":0},"b":{"0":[0,0],"1":[0,0],"2":[0,0],"3":[0,0],"4":[0,0]}}
,"C:\\Users\\Márk\\OneDrive\\Desktop\\Vizsgaremek_PR_FM\\Vizsgaremek_PR_FM\\Backend\\app\\models\\authModel.js": {"path":"C:\\Users\\Márk\\OneDrive\\Desktop\\Vizsgaremek_PR_FM\\Vizsgaremek_PR_FM\\Backend\\app\\models\\authModel.js","statementMap":{"0":{"start":{"line":1,"column":13},"end":{"line":1,"column":28}},"1":{"start":{"line":2,"column":15},"end":{"line":2,"column":32}},"2":{"start":{"line":4,"column":18},"end":{"line":31,"column":1}},"3":{"start":{"line":7,"column":19},"end":{"line":7,"column":93}},"4":{"start":{"line":8,"column":4},"end":{"line":8,"column":19}},"5":{"start":{"line":13,"column":19},"end":{"line":13,"column":95}},"6":{"start":{"line":14,"column":4},"end":{"line":14,"column":19}},"7":{"start":{"line":19,"column":49},"end":{"line":19,"column":57}},"8":{"start":{"line":20,"column":27},"end":{"line":20,"column":56}},"9":{"start":{"line":22,"column":16},"end":{"line":22,"column":100}},"10":{"start":{"line":23,"column":21},"end":{"line":23,"column":86}},"11":{"start":{"line":24,"column":4},"end":{"line":24,"column":27}},"12":{"start":{"line":29,"column":4},"end":{"line":29,"column":63}},"13":{"start":{"line":33,"column":0},"end":{"line":33,"column":27}}},"fnMap":{"0":{"name":"(anonymous_0)","decl":{"start":{"line":6,"column":15},"end":{"line":6,"column":16}},"loc":{"start":{"line":6,"column":32},"end":{"line":9,"column":3}},"line":6},"1":{"name":"(anonymous_1)","decl":{"start":{"line":12,"column":18},"end":{"line":12,"column":19}},"loc":{"start":{"line":12,"column":38},"end":{"line":15,"column":3}},"line":12},"2":{"name":"(anonymous_2)","decl":{"start":{"line":18,"column":10},"end":{"line":18,"column":11}},"loc":{"start":{"line":18,"column":30},"end":{"line":25,"column":3}},"line":18},"3":{"name":"(anonymous_3)","decl":{"start":{"line":28,"column":18},"end":{"line":28,"column":19}},"loc":{"start":{"line":28,"column":59},"end":{"line":30,"column":3}},"line":28}},"branchMap":{},"s":{"0":0,"1":0,"2":0,"3":0,"4":0,"5":0,"6":0,"7":0,"8":0,"9":0,"10":0,"11":0,"12":0,"13":0},"f":{"0":0,"1":0,"2":0,"3":0},"b":{}}
,"C:\\Users\\Márk\\OneDrive\\Desktop\\Vizsgaremek_PR_FM\\Vizsgaremek_PR_FM\\Backend\\app\\models\\eventModel.js": {"path":"C:\\Users\\Márk\\OneDrive\\Desktop\\Vizsgaremek_PR_FM\\Vizsgaremek_PR_FM\\Backend\\app\\models\\eventModel.js","statementMap":{"0":{"start":{"line":1,"column":13},"end":{"line":1,"column":28}},"1":{"start":{"line":3,"column":19},"end":{"line":30,"column":1}},"2":{"start":{"line":6,"column":19},"end":{"line":6,"column":81}},"3":{"start":{"line":7,"column":4},"end":{"line":7,"column":16}},"4":{"start":{"line":12,"column":19},"end":{"line":12,"column":102}},"5":{"start":{"line":13,"column":4},"end":{"line":13,"column":16}},"6":{"start":{"line":18,"column":19},"end":{"line":21,"column":5}},"7":{"start":{"line":22,"column":4},"end":{"line":22,"column":16}},"8":{"start":{"line":27,"column":19},"end":{"line":27,"column":81}},"9":{"start":{"line":28,"column":4},"end":{"line":28,"column":19}},"10":{"start":{"line":32,"column":0},"end":{"line":32,"column":28}}},"fnMap":{"0":{"name":"(anonymous_0)","decl":{"start":{"line":5,"column":10},"end":{"line":5,"column":11}},"loc":{"start":{"line":5,"column":22},"end":{"line":8,"column":3}},"line":5},"1":{"name":"(anonymous_1)","decl":{"start":{"line":11,"column":15},"end":{"line":11,"column":16}},"loc":{"start":{"line":11,"column":27},"end":{"line":14,"column":3}},"line":11},"2":{"name":"(anonymous_2)","decl":{"start":{"line":17,"column":15},"end":{"line":17,"column":16}},"loc":{"start":{"line":17,"column":36},"end":{"line":23,"column":3}},"line":17},"3":{"name":"(anonymous_3)","decl":{"start":{"line":26,"column":11},"end":{"line":26,"column":12}},"loc":{"start":{"line":26,"column":25},"end":{"line":29,"column":3}},"line":26}},"branchMap":{"0":{"loc":{"start":{"line":17,"column":22},"end":{"line":17,"column":31}},"type":"default-arg","locations":[{"start":{"line":17,"column":30},"end":{"line":17,"column":31}}],"line":17}},"s":{"0":0,"1":0,"2":0,"3":0,"4":0,"5":0,"6":0,"7":0,"8":0,"9":0,"10":0},"f":{"0":0,"1":0,"2":0,"3":0},"b":{"0":[0]}}
,"C:\\Users\\Márk\\OneDrive\\Desktop\\Vizsgaremek_PR_FM\\Vizsgaremek_PR_FM\\Backend\\app\\models\\instrumentModel.js": {"path":"C:\\Users\\Márk\\OneDrive\\Desktop\\Vizsgaremek_PR_FM\\Vizsgaremek_PR_FM\\Backend\\app\\models\\instrumentModel.js","statementMap":{"0":{"start":{"line":1,"column":13},"end":{"line":1,"column":28}},"1":{"start":{"line":3,"column":24},"end":{"line":117,"column":1}},"2":{"start":{"line":5,"column":4},"end":{"line":48,"column":5}},"3":{"start":{"line":6,"column":6},"end":{"line":6,"column":58}},"4":{"start":{"line":9,"column":30},"end":{"line":13,"column":8}},"5":{"start":{"line":15,"column":24},"end":{"line":15,"column":60}},"6":{"start":{"line":15,"column":47},"end":{"line":15,"column":59}},"7":{"start":{"line":16,"column":6},"end":{"line":16,"column":50}},"8":{"start":{"line":19,"column":28},"end":{"line":33,"column":8}},"9":{"start":{"line":35,"column":6},"end":{"line":35,"column":106}},"10":{"start":{"line":35,"column":66},"end":{"line":35,"column":102}},"11":{"start":{"line":36,"column":6},"end":{"line":36,"column":72}},"12":{"start":{"line":38,"column":21},"end":{"line":41,"column":9}},"13":{"start":{"line":38,"column":52},"end":{"line":41,"column":7}},"14":{"start":{"line":43,"column":6},"end":{"line":43,"column":106}},"15":{"start":{"line":43,"column":58},"end":{"line":43,"column":102}},"16":{"start":{"line":44,"column":6},"end":{"line":44,"column":20}},"17":{"start":{"line":46,"column":6},"end":{"line":46,"column":65}},"18":{"start":{"line":47,"column":6},"end":{"line":47,"column":18}},"19":{"start":{"line":52,"column":4},"end":{"line":87,"column":5}},"20":{"start":{"line":53,"column":6},"end":{"line":53,"column":64}},"21":{"start":{"line":56,"column":21},"end":{"line":71,"column":14}},"22":{"start":{"line":73,"column":6},"end":{"line":73,"column":41}},"23":{"start":{"line":73,"column":29},"end":{"line":73,"column":41}},"24":{"start":{"line":76,"column":29},"end":{"line":78,"column":14}},"25":{"start":{"line":80,"column":6},"end":{"line":83,"column":8}},"26":{"start":{"line":85,"column":6},"end":{"line":85,"column":66}},"27":{"start":{"line":86,"column":6},"end":{"line":86,"column":18}},"28":{"start":{"line":91,"column":4},"end":{"line":91,"column":62}},"29":{"start":{"line":93,"column":21},"end":{"line":93,"column":31}},"30":{"start":{"line":94,"column":4},"end":{"line":94,"column":64}},"31":{"start":{"line":95,"column":24},"end":{"line":95,"column":60}},"32":{"start":{"line":97,"column":21},"end":{"line":101,"column":5}},"33":{"start":{"line":103,"column":4},"end":{"line":103,"column":61}},"34":{"start":{"line":105,"column":4},"end":{"line":111,"column":6}},"35":{"start":{"line":113,"column":4},"end":{"line":113,"column":36}},"36":{"start":{"line":115,"column":4},"end":{"line":115,"column":27}},"37":{"start":{"line":119,"column":0},"end":{"line":119,"column":33}}},"fnMap":{"0":{"name":"(anonymous_0)","decl":{"start":{"line":4,"column":10},"end":{"line":4,"column":11}},"loc":{"start":{"line":4,"column":22},"end":{"line":49,"column":3}},"line":4},"1":{"name":"(anonymous_1)","decl":{"start":{"line":15,"column":42},"end":{"line":15,"column":43}},"loc":{"start":{"line":15,"column":47},"end":{"line":15,"column":59}},"line":15},"2":{"name":"(anonymous_2)","decl":{"start":{"line":35,"column":60},"end":{"line":35,"column":61}},"loc":{"start":{"line":35,"column":66},"end":{"line":35,"column":102}},"line":35},"3":{"name":"(anonymous_3)","decl":{"start":{"line":38,"column":37},"end":{"line":38,"column":38}},"loc":{"start":{"line":38,"column":52},"end":{"line":41,"column":7}},"line":38},"4":{"name":"(anonymous_4)","decl":{"start":{"line":43,"column":52},"end":{"line":43,"column":53}},"loc":{"start":{"line":43,"column":58},"end":{"line":43,"column":102}},"line":43},"5":{"name":"(anonymous_5)","decl":{"start":{"line":51,"column":11},"end":{"line":51,"column":12}},"loc":{"start":{"line":51,"column":25},"end":{"line":88,"column":3}},"line":51},"6":{"name":"(anonymous_6)","decl":{"start":{"line":90,"column":16},"end":{"line":90,"column":17}},"loc":{"start":{"line":90,"column":77},"end":{"line":116,"column":3}},"line":90}},"branchMap":{"0":{"loc":{"start":{"line":40,"column":16},"end":{"line":40,"column":74}},"type":"cond-expr","locations":[{"start":{"line":40,"column":52},"end":{"line":40,"column":60}},{"start":{"line":40,"column":63},"end":{"line":40,"column":74}}],"line":40},"1":{"loc":{"start":{"line":73,"column":6},"end":{"line":73,"column":41}},"type":"if","locations":[{"start":{"line":73,"column":6},"end":{"line":73,"column":41}},{"start":{},"end":{}}],"line":73},"2":{"loc":{"start":{"line":82,"column":16},"end":{"line":82,"column":64}},"type":"cond-expr","locations":[{"start":{"line":82,"column":42},"end":{"line":82,"column":50}},{"start":{"line":82,"column":53},"end":{"line":82,"column":64}}],"line":82},"3":{"loc":{"start":{"line":90,"column":55},"end":{"line":90,"column":72}},"type":"default-arg","locations":[{"start":{"line":90,"column":68},"end":{"line":90,"column":72}}],"line":90}},"s":{"0":0,"1":0,"2":0,"3":0,"4":0,"5":0,"6":0,"7":0,"8":0,"9":0,"10":0,"11":0,"12":0,"13":0,"14":0,"15":0,"16":0,"17":0,"18":0,"19":0,"20":0,"21":0,"22":0,"23":0,"24":0,"25":0,"26":0,"27":0,"28":0,"29":0,"30":0,"31":0,"32":0,"33":0,"34":0,"35":0,"36":0,"37":0},"f":{"0":0,"1":0,"2":0,"3":0,"4":0,"5":0,"6":0},"b":{"0":[0,0],"1":[0,0],"2":[0,0],"3":[0]}}
,"C:\\Users\\Márk\\OneDrive\\Desktop\\Vizsgaremek_PR_FM\\Vizsgaremek_PR_FM\\Backend\\app\\models\\teacherModel.js": {"path":"C:\\Users\\Márk\\OneDrive\\Desktop\\Vizsgaremek_PR_FM\\Vizsgaremek_PR_FM\\Backend\\app\\models\\teacherModel.js","statementMap":{"0":{"start":{"line":1,"column":13},"end":{"line":1,"column":28}},"1":{"start":{"line":3,"column":21},"end":{"line":56,"column":1}},"2":{"start":{"line":6,"column":19},"end":{"line":21,"column":6}},"3":{"start":{"line":24,"column":4},"end":{"line":27,"column":8}},"4":{"start":{"line":24,"column":32},"end":{"line":27,"column":5}},"5":{"start":{"line":32,"column":19},"end":{"line":47,"column":12}},"6":{"start":{"line":49,"column":4},"end":{"line":49,"column":39}},"7":{"start":{"line":49,"column":27},"end":{"line":49,"column":39}},"8":{"start":{"line":51,"column":4},"end":{"line":54,"column":6}},"9":{"start":{"line":58,"column":0},"end":{"line":58,"column":30}}},"fnMap":{"0":{"name":"(anonymous_0)","decl":{"start":{"line":5,"column":10},"end":{"line":5,"column":11}},"loc":{"start":{"line":5,"column":22},"end":{"line":28,"column":3}},"line":5},"1":{"name":"(anonymous_1)","decl":{"start":{"line":24,"column":20},"end":{"line":24,"column":21}},"loc":{"start":{"line":24,"column":32},"end":{"line":27,"column":5}},"line":24},"2":{"name":"(anonymous_2)","decl":{"start":{"line":31,"column":11},"end":{"line":31,"column":12}},"loc":{"start":{"line":31,"column":25},"end":{"line":55,"column":3}},"line":31}},"branchMap":{"0":{"loc":{"start":{"line":26,"column":19},"end":{"line":26,"column":76}},"type":"cond-expr","locations":[{"start":{"line":26,"column":41},"end":{"line":26,"column":71}},{"start":{"line":26,"column":74},"end":{"line":26,"column":76}}],"line":26},"1":{"loc":{"start":{"line":49,"column":4},"end":{"line":49,"column":39}},"type":"if","locations":[{"start":{"line":49,"column":4},"end":{"line":49,"column":39}},{"start":{},"end":{}}],"line":49},"2":{"loc":{"start":{"line":53,"column":19},"end":{"line":53,"column":76}},"type":"cond-expr","locations":[{"start":{"line":53,"column":41},"end":{"line":53,"column":71}},{"start":{"line":53,"column":74},"end":{"line":53,"column":76}}],"line":53}},"s":{"0":0,"1":0,"2":0,"3":0,"4":0,"5":0,"6":0,"7":0,"8":0,"9":0},"f":{"0":0,"1":0,"2":0},"b":{"0":[0,0],"1":[0,0],"2":[0,0]}}
}
