TN:
SF:app\controllers\applicationController.js
FN:4,(anonymous_0)
FN:20,(anonymous_1)
FN:37,(anonymous_2)
FN:58,(anonymous_3)
FN:73,(anonymous_4)
FNF:5
FNH:5
FNDA:2,(anonymous_0)
FNDA:2,(anonymous_1)
FNDA:3,(anonymous_2)
FNDA:2,(anonymous_3)
FNDA:2,(anonymous_4)
DA:1,1
DA:3,1
DA:5,2
DA:6,2
DA:16,1
DA:17,1
DA:21,2
DA:22,2
DA:23,2
DA:32,2
DA:33,1
DA:34,0
DA:38,3
DA:39,3
DA:42,3
DA:43,2
DA:46,1
DA:51,1
DA:53,0
DA:54,0
DA:59,2
DA:60,2
DA:61,2
DA:62,2
DA:66,2
DA:67,1
DA:69,0
DA:74,2
DA:75,2
DA:76,2
DA:77,2
DA:78,1
DA:80,0
DA:85,1
LF:34
LH:29
BRDA:32,0,0,1
BRDA:32,0,1,1
BRDA:42,1,0,2
BRDA:42,1,1,1
BRDA:42,2,0,3
BRDA:42,2,1,2
BRDA:66,3,0,1
BRDA:66,3,1,1
BRDA:77,4,0,1
BRDA:77,4,1,1
BRF:10
BRH:10
end_of_record
TN:
SF:app\controllers\authController.js
FN:9,(anonymous_0)
FN:68,(anonymous_1)
FN:112,(anonymous_2)
FNF:3
FNH:2
FNDA:4,(anonymous_0)
FNDA:2,(anonymous_1)
FNDA:0,(anonymous_2)
DA:1,1
DA:2,1
DA:3,1
DA:5,1
DA:7,1
DA:10,4
DA:11,4
DA:14,4
DA:15,0
DA:18,4
DA:19,1
DA:23,3
DA:24,3
DA:25,1
DA:28,2
DA:29,2
DA:30,1
DA:34,1
DA:35,1
DA:42,1
DA:45,1
DA:51,1
DA:62,0
DA:63,0
DA:69,2
DA:70,2
DA:72,2
DA:73,0
DA:76,2
DA:77,2
DA:78,1
DA:81,1
DA:82,1
DA:83,1
DA:87,0
DA:89,0
DA:95,0
DA:106,0
DA:107,0
DA:113,0
DA:114,0
DA:115,0
DA:116,0
DA:119,0
DA:120,0
DA:130,0
DA:131,0
DA:136,1
LF:48
LH:31
BRDA:5,0,0,1
BRDA:5,0,1,0
BRDA:14,1,0,0
BRDA:14,1,1,4
BRDA:14,2,0,4
BRDA:14,2,1,4
BRDA:14,2,2,4
BRDA:18,3,0,1
BRDA:18,3,1,3
BRDA:24,4,0,1
BRDA:24,4,1,2
BRDA:29,5,0,1
BRDA:29,5,1,1
BRDA:34,6,0,1
BRDA:34,6,1,0
BRDA:72,7,0,0
BRDA:72,7,1,2
BRDA:72,8,0,2
BRDA:72,8,1,2
BRDA:77,9,0,1
BRDA:77,9,1,1
BRDA:82,10,0,1
BRDA:82,10,1,0
BRDA:87,11,0,0
BRDA:87,11,1,0
BRDA:115,12,0,0
BRDA:115,12,1,0
BRF:27
BRH:18
end_of_record
TN:
SF:app\controllers\categoryController.js
FN:4,(anonymous_0)
FN:10,(anonymous_1)
FN:18,(anonymous_2)
FN:25,(anonymous_3)
FN:34,(anonymous_4)
FNF:5
FNH:5
FNDA:2,(anonymous_0)
FNDA:2,(anonymous_1)
FNDA:1,(anonymous_2)
FNDA:2,(anonymous_3)
FNDA:2,(anonymous_4)
DA:1,1
DA:3,1
DA:5,2
DA:6,2
DA:7,1
DA:8,1
DA:11,2
DA:12,2
DA:13,2
DA:14,2
DA:15,1
DA:16,0
DA:19,1
DA:20,1
DA:21,1
DA:22,1
DA:23,0
DA:26,2
DA:27,2
DA:28,2
DA:29,2
DA:30,2
DA:31,1
DA:32,0
DA:35,2
DA:36,2
DA:37,2
DA:38,2
DA:39,1
DA:40,0
DA:44,1
LF:31
LH:27
BRDA:14,0,0,1
BRDA:14,0,1,1
BRDA:30,1,0,1
BRDA:30,1,1,1
BRDA:38,2,0,1
BRDA:38,2,1,1
BRF:6
BRH:6
end_of_record
TN:
SF:app\controllers\eventController.js
FN:5,(anonymous_0)
FN:22,(anonymous_1)
FN:36,(anonymous_2)
FN:50,(anonymous_3)
FN:68,(anonymous_4)
FNF:5
FNH:5
FNDA:2,(anonymous_0)
FNDA:2,(anonymous_1)
FNDA:1,(anonymous_2)
FNDA:2,(anonymous_3)
FNDA:2,(anonymous_4)
DA:1,1
DA:3,1
DA:6,2
DA:7,2
DA:15,1
DA:17,1
DA:23,2
DA:24,2
DA:25,2
DA:26,2
DA:27,1
DA:29,1
DA:31,0
DA:37,1
DA:38,1
DA:39,1
DA:43,1
DA:45,0
DA:51,2
DA:52,2
DA:53,2
DA:54,2
DA:58,2
DA:59,1
DA:61,1
DA:63,0
DA:69,2
DA:70,2
DA:71,2
DA:72,2
DA:73,1
DA:75,1
DA:77,0
DA:82,1
LF:34
LH:30
BRDA:26,0,0,1
BRDA:26,0,1,1
BRDA:41,1,0,1
BRDA:41,1,1,1
BRDA:56,2,0,2
BRDA:56,2,1,2
BRDA:58,3,0,1
BRDA:58,3,1,1
BRDA:72,4,0,1
BRDA:72,4,1,1
BRF:10
BRH:10
end_of_record
TN:
SF:app\controllers\instrumentController.js
FN:5,(anonymous_0)
FN:16,(anonymous_1)
FN:29,(anonymous_2)
FN:50,(anonymous_3)
FN:95,(anonymous_4)
FN:159,(anonymous_5)
FNF:6
FNH:6
FNDA:2,(anonymous_0)
FNDA:2,(anonymous_1)
FNDA:3,(anonymous_2)
FNDA:2,(anonymous_3)
FNDA:3,(anonymous_4)
FNDA:2,(anonymous_5)
DA:1,1
DA:2,1
DA:4,1
DA:6,2
DA:7,2
DA:8,2
DA:9,1
DA:11,1
DA:12,1
DA:17,2
DA:18,2
DA:19,2
DA:20,2
DA:21,1
DA:23,1
DA:25,0
DA:30,3
DA:31,3
DA:32,3
DA:34,3
DA:35,2
DA:38,1
DA:40,1
DA:45,0
DA:46,0
DA:51,2
DA:52,2
DA:54,2
DA:55,0
DA:58,2
DA:60,2
DA:61,2
DA:62,2
DA:64,0
DA:67,2
DA:68,2
DA:73,2
DA:78,2
DA:79,1
DA:80,1
DA:81,1
DA:88,2
DA:90,0
DA:91,0
DA:96,3
DA:97,3
DA:98,3
DA:101,3
DA:104,3
DA:107,3
DA:108,3
DA:109,1
DA:113,2
DA:115,2
DA:116,2
DA:117,2
DA:119,0
DA:123,2
DA:124,2
DA:130,2
DA:136,2
DA:137,1
DA:141,2
DA:142,2
DA:143,1
DA:144,1
DA:145,1
DA:152,2
DA:154,0
DA:155,0
DA:160,2
DA:161,2
DA:163,2
DA:164,2
DA:165,1
DA:168,1
DA:169,1
DA:170,1
DA:171,1
DA:173,1
DA:175,0
DA:176,0
DA:181,1
LF:83
LH:71
BRDA:20,0,0,1
BRDA:20,0,1,1
BRDA:34,1,0,2
BRDA:34,1,1,1
BRDA:34,2,0,3
BRDA:34,2,1,2
BRDA:54,3,0,0
BRDA:54,3,1,2
BRDA:54,4,0,2
BRDA:54,4,1,2
BRDA:54,4,2,2
BRDA:60,5,0,2
BRDA:60,5,1,0
BRDA:70,6,0,2
BRDA:70,6,1,0
BRDA:78,7,0,1
BRDA:78,7,1,1
BRDA:80,8,0,1
BRDA:80,8,1,0
BRDA:101,9,0,0
BRDA:101,9,1,3
BRDA:104,10,0,0
BRDA:104,10,1,3
BRDA:108,11,0,1
BRDA:108,11,1,2
BRDA:115,12,0,2
BRDA:115,12,1,0
BRDA:123,13,0,1
BRDA:123,13,1,1
BRDA:136,14,0,1
BRDA:136,14,1,1
BRDA:142,15,0,1
BRDA:142,15,1,1
BRDA:142,16,0,2
BRDA:142,16,1,1
BRDA:144,17,0,1
BRDA:144,17,1,0
BRDA:164,18,0,1
BRDA:164,18,1,1
BRF:39
BRH:31
end_of_record
TN:
SF:app\controllers\lessonController.js
FN:4,(anonymous_0)
FN:29,(anonymous_1)
FN:53,(anonymous_2)
FN:79,(anonymous_3)
FN:110,(anonymous_4)
FN:123,(anonymous_5)
FNF:6
FNH:6
FNDA:2,(anonymous_0)
FNDA:1,(anonymous_1)
FNDA:1,(anonymous_2)
FNDA:2,(anonymous_3)
FNDA:2,(anonymous_4)
FNDA:2,(anonymous_5)
DA:1,1
DA:3,1
DA:5,2
DA:6,2
DA:25,1
DA:26,1
DA:30,1
DA:31,1
DA:32,1
DA:49,1
DA:50,0
DA:54,1
DA:55,1
DA:56,1
DA:75,1
DA:76,0
DA:80,2
DA:81,2
DA:83,2
DA:85,2
DA:90,2
DA:105,0
DA:106,0
DA:111,2
DA:112,2
DA:113,2
DA:114,2
DA:118,2
DA:119,1
DA:120,0
DA:124,2
DA:125,2
DA:126,2
DA:127,2
DA:128,1
DA:129,0
DA:133,1
LF:37
LH:31
BRDA:87,0,0,2
BRDA:87,0,1,1
BRDA:101,1,0,2
BRDA:101,1,1,1
BRDA:118,2,0,1
BRDA:118,2,1,1
BRDA:127,3,0,1
BRDA:127,3,1,1
BRF:8
BRH:8
end_of_record
TN:
SF:app\controllers\messageController.js
FN:5,(anonymous_0)
FN:23,(anonymous_1)
FN:45,(anonymous_2)
FN:66,(anonymous_3)
FN:82,(anonymous_4)
FNF:5
FNH:5
FNDA:2,(anonymous_0)
FNDA:2,(anonymous_1)
FNDA:5,(anonymous_2)
FNDA:2,(anonymous_3)
FNDA:2,(anonymous_4)
DA:1,1
DA:3,1
DA:6,2
DA:7,2
DA:15,1
DA:17,1
DA:18,1
DA:24,2
DA:25,2
DA:26,2
DA:34,2
DA:35,1
DA:37,1
DA:39,0
DA:40,0
DA:46,5
DA:47,5
DA:49,5
DA:50,3
DA:53,2
DA:58,2
DA:60,0
DA:61,0
DA:67,2
DA:68,2
DA:69,2
DA:73,2
DA:74,1
DA:76,0
DA:77,0
DA:83,2
DA:84,2
DA:85,2
DA:86,2
DA:87,1
DA:89,0
DA:90,0
DA:95,1
LF:38
LH:30
BRDA:34,0,0,1
BRDA:34,0,1,1
BRDA:49,1,0,3
BRDA:49,1,1,2
BRDA:49,2,0,5
BRDA:49,2,1,4
BRDA:49,2,2,3
BRDA:55,3,0,2
BRDA:55,3,1,1
BRDA:55,4,0,2
BRDA:55,4,1,1
BRDA:73,5,0,1
BRDA:73,5,1,1
BRDA:86,6,0,1
BRDA:86,6,1,1
BRF:15
BRH:15
end_of_record
TN:
SF:app\controllers\rentalController.js
FN:4,(anonymous_0)
FN:22,(anonymous_1)
FN:41,(anonymous_2)
FN:83,(anonymous_3)
FN:106,(anonymous_4)
FNF:5
FNH:5
FNDA:2,(anonymous_0)
FNDA:2,(anonymous_1)
FNDA:2,(anonymous_2)
FNDA:2,(anonymous_3)
FNDA:2,(anonymous_4)
DA:1,1
DA:3,1
DA:5,2
DA:6,2
DA:18,1
DA:19,1
DA:23,2
DA:24,2
DA:25,2
DA:37,2
DA:38,1
DA:39,0
DA:42,2
DA:43,2
DA:45,2
DA:48,2
DA:53,2
DA:54,0
DA:55,0
DA:59,2
DA:64,2
DA:67,2
DA:75,2
DA:77,2
DA:79,0
DA:80,0
DA:84,2
DA:85,2
DA:86,2
DA:88,2
DA:93,2
DA:96,1
DA:97,1
DA:103,1
DA:104,0
DA:107,2
DA:108,2
DA:109,2
DA:110,2
DA:111,1
DA:112,0
DA:116,1
LF:42
LH:35
BRDA:37,0,0,1
BRDA:37,0,1,1
BRDA:53,1,0,0
BRDA:53,1,1,2
BRDA:93,2,0,1
BRDA:93,2,1,1
BRDA:96,3,0,1
BRDA:96,3,1,0
BRDA:110,4,0,1
BRDA:110,4,1,1
BRF:10
BRH:8
end_of_record
TN:
SF:app\controllers\stockController.js
FN:4,(anonymous_0)
FN:10,(anonymous_1)
FN:18,(anonymous_2)
FN:25,(anonymous_3)
FN:34,(anonymous_4)
FNF:5
FNH:5
FNDA:2,(anonymous_0)
FNDA:2,(anonymous_1)
FNDA:2,(anonymous_2)
FNDA:2,(anonymous_3)
FNDA:2,(anonymous_4)
DA:1,1
DA:3,1
DA:5,2
DA:6,2
DA:7,1
DA:8,1
DA:11,2
DA:12,2
DA:13,2
DA:14,2
DA:15,1
DA:16,0
DA:19,2
DA:20,2
DA:21,2
DA:22,2
DA:23,0
DA:26,2
DA:27,2
DA:28,2
DA:29,2
DA:30,2
DA:31,1
DA:32,0
DA:35,2
DA:36,2
DA:37,2
DA:38,2
DA:39,1
DA:40,0
DA:44,1
LF:31
LH:27
BRDA:14,0,0,1
BRDA:14,0,1,1
BRDA:21,1,0,2
BRDA:21,1,1,1
BRDA:30,2,0,1
BRDA:30,2,1,1
BRDA:38,3,0,1
BRDA:38,3,1,1
BRF:8
BRH:8
end_of_record
TN:
SF:app\controllers\studentController.js
FN:4,(anonymous_0)
FN:20,(anonymous_1)
FN:38,(anonymous_2)
FN:51,(anonymous_3)
FN:63,(anonymous_4)
FNF:5
FNH:5
FNDA:2,(anonymous_0)
FNDA:2,(anonymous_1)
FNDA:2,(anonymous_2)
FNDA:2,(anonymous_3)
FNDA:2,(anonymous_4)
DA:1,1
DA:3,1
DA:5,2
DA:6,2
DA:16,1
DA:17,1
DA:21,2
DA:22,2
DA:23,2
DA:33,2
DA:34,1
DA:35,0
DA:39,2
DA:40,2
DA:41,2
DA:45,2
DA:47,0
DA:48,0
DA:52,2
DA:53,2
DA:54,2
DA:55,2
DA:59,2
DA:60,1
DA:61,0
DA:64,2
DA:65,2
DA:66,2
DA:67,2
DA:68,1
DA:69,0
DA:73,1
LF:32
LH:27
BRDA:33,0,0,1
BRDA:33,0,1,1
BRDA:43,1,0,2
BRDA:43,1,1,1
BRDA:43,2,0,2
BRDA:43,2,1,1
BRDA:43,3,0,2
BRDA:43,3,1,1
BRDA:43,4,0,2
BRDA:43,4,1,1
BRDA:43,5,0,2
BRDA:43,5,1,1
BRDA:57,6,0,2
BRDA:57,6,1,1
BRDA:57,7,0,2
BRDA:57,7,1,1
BRDA:57,8,0,2
BRDA:57,8,1,1
BRDA:57,9,0,2
BRDA:57,9,1,1
BRDA:57,10,0,2
BRDA:57,10,1,1
BRDA:59,11,0,1
BRDA:59,11,1,1
BRDA:67,12,0,1
BRDA:67,12,1,1
BRF:26
BRH:26
end_of_record
TN:
SF:app\controllers\teacherController.js
FN:4,(anonymous_0)
FN:25,(anonymous_1)
FN:46,(anonymous_2)
FN:67,(anonymous_3)
FN:88,(anonymous_4)
FNF:5
FNH:5
FNDA:2,(anonymous_0)
FNDA:2,(anonymous_1)
FNDA:2,(anonymous_2)
FNDA:2,(anonymous_3)
FNDA:2,(anonymous_4)
DA:1,1
DA:3,1
DA:5,2
DA:6,2
DA:18,1
DA:19,1
DA:21,1
DA:26,2
DA:27,2
DA:28,2
DA:29,2
DA:31,1
DA:40,1
DA:42,0
DA:47,2
DA:49,2
DA:51,2
DA:52,1
DA:55,1
DA:60,1
DA:62,0
DA:63,0
DA:68,2
DA:69,2
DA:70,2
DA:72,2
DA:77,2
DA:78,1
DA:81,1
DA:83,0
DA:84,0
DA:89,2
DA:90,2
DA:93,2
DA:94,2
DA:95,1
DA:99,1
DA:102,1
DA:104,1
DA:106,0
DA:107,0
DA:112,1
LF:42
LH:35
BRDA:29,0,0,1
BRDA:29,0,1,1
BRDA:51,1,0,1
BRDA:51,1,1,1
BRDA:51,2,0,2
BRDA:51,2,1,1
BRDA:57,3,0,1
BRDA:57,3,1,0
BRDA:57,4,0,1
BRDA:57,4,1,0
BRDA:57,5,0,1
BRDA:57,5,1,0
BRDA:57,6,0,1
BRDA:57,6,1,0
BRDA:74,7,0,2
BRDA:74,7,1,1
BRDA:74,8,0,2
BRDA:74,8,1,1
BRDA:74,9,0,2
BRDA:74,9,1,1
BRDA:74,10,0,2
BRDA:74,10,1,1
BRDA:77,11,0,1
BRDA:77,11,1,1
BRDA:94,12,0,1
BRDA:94,12,1,1
BRF:26
BRH:22
end_of_record
TN:
SF:app\controllers\teacherSkillController.js
FN:4,(anonymous_0)
FN:18,(anonymous_1)
FN:34,(anonymous_2)
FN:45,(anonymous_3)
FNF:4
FNH:4
FNDA:2,(anonymous_0)
FNDA:2,(anonymous_1)
FNDA:1,(anonymous_2)
FNDA:2,(anonymous_3)
DA:1,1
DA:3,1
DA:5,2
DA:6,2
DA:14,1
DA:15,1
DA:19,2
DA:20,2
DA:21,2
DA:29,2
DA:30,1
DA:31,0
DA:35,1
DA:36,1
DA:37,1
DA:41,1
DA:42,0
DA:46,2
DA:47,2
DA:48,2
DA:49,2
DA:50,1
DA:51,0
DA:55,1
LF:24
LH:21
BRDA:29,0,0,1
BRDA:29,0,1,1
BRDA:49,1,0,1
BRDA:49,1,1,1
BRF:4
BRH:4
end_of_record
TN:
SF:app\controllers\userController.js
FN:5,(anonymous_0)
FN:11,(anonymous_1)
FN:19,(anonymous_2)
FN:30,(anonymous_3)
FN:50,(anonymous_4)
FNF:5
FNH:5
FNDA:2,(anonymous_0)
FNDA:2,(anonymous_1)
FNDA:2,(anonymous_2)
FNDA:3,(anonymous_3)
FNDA:2,(anonymous_4)
DA:1,1
DA:2,1
DA:4,1
DA:6,2
DA:7,2
DA:8,1
DA:9,1
DA:12,2
DA:13,2
DA:14,2
DA:15,2
DA:16,1
DA:17,0
DA:20,2
DA:21,2
DA:22,2
DA:23,2
DA:27,2
DA:28,0
DA:31,3
DA:32,3
DA:33,3
DA:34,3
DA:35,3
DA:37,3
DA:38,1
DA:39,1
DA:40,1
DA:42,3
DA:43,3
DA:45,3
DA:46,3
DA:47,2
DA:48,0
DA:51,2
DA:52,2
DA:53,2
DA:54,2
DA:55,1
DA:56,0
DA:60,1
LF:41
LH:37
BRDA:15,0,0,1
BRDA:15,0,1,1
BRDA:37,1,0,1
BRDA:37,1,1,2
BRDA:37,2,0,3
BRDA:37,2,1,1
BRDA:46,3,0,1
BRDA:46,3,1,2
BRDA:54,4,0,1
BRDA:54,4,1,1
BRF:10
BRH:10
end_of_record
TN:
SF:app\models\applicationModel.js
FN:5,(anonymous_0)
FN:11,(anonymous_1)
FN:17,(anonymous_2)
FN:30,(anonymous_3)
FN:37,(anonymous_4)
FNF:5
FNH:5
FNDA:1,(anonymous_0)
FNDA:1,(anonymous_1)
FNDA:1,(anonymous_2)
FNDA:1,(anonymous_3)
FNDA:1,(anonymous_4)
DA:1,1
DA:3,1
DA:6,1
DA:7,1
DA:12,1
DA:13,1
DA:18,1
DA:19,1
DA:22,1
DA:26,1
DA:31,1
DA:32,1
DA:33,1
DA:38,1
DA:39,1
DA:43,1
LF:16
LH:16
BRDA:23,0,0,1
BRDA:23,0,1,1
BRDA:24,1,0,1
BRDA:24,1,1,1
BRDA:24,2,0,1
BRDA:24,2,1,1
BRDA:24,3,0,1
BRDA:24,3,1,1
BRDA:24,4,0,1
BRDA:24,4,1,1
BRF:10
BRH:10
end_of_record
TN:
SF:app\models\authModel.js
FN:6,(anonymous_0)
FN:12,(anonymous_1)
FN:18,(anonymous_2)
FN:28,(anonymous_3)
FNF:4
FNH:4
FNDA:1,(anonymous_0)
FNDA:1,(anonymous_1)
FNDA:1,(anonymous_2)
FNDA:1,(anonymous_3)
DA:1,1
DA:2,1
DA:4,1
DA:7,1
DA:8,1
DA:13,1
DA:14,1
DA:19,1
DA:20,1
DA:22,1
DA:23,1
DA:24,1
DA:29,1
DA:33,1
LF:14
LH:14
BRF:0
BRH:0
end_of_record
TN:
SF:app\models\eventModel.js
FN:5,(anonymous_0)
FN:11,(anonymous_1)
FN:17,(anonymous_2)
FN:26,(anonymous_3)
FNF:4
FNH:4
FNDA:1,(anonymous_0)
FNDA:1,(anonymous_1)
FNDA:1,(anonymous_2)
FNDA:2,(anonymous_3)
DA:1,1
DA:3,1
DA:6,1
DA:7,1
DA:12,1
DA:13,1
DA:18,1
DA:22,1
DA:27,2
DA:28,2
DA:32,1
LF:11
LH:11
BRDA:17,0,0,0
BRF:1
BRH:0
end_of_record
TN:
SF:app\models\instrumentModel.js
FN:4,(anonymous_0)
FN:15,(anonymous_1)
FN:35,(anonymous_2)
FN:38,(anonymous_3)
FN:43,(anonymous_4)
FN:51,(anonymous_5)
FN:90,(anonymous_6)
FNF:7
FNH:7
FNDA:1,(anonymous_0)
FNDA:1,(anonymous_1)
FNDA:2,(anonymous_2)
FNDA:2,(anonymous_3)
FNDA:2,(anonymous_4)
FNDA:2,(anonymous_5)
FNDA:1,(anonymous_6)
DA:1,1
DA:3,1
DA:5,1
DA:6,1
DA:9,1
DA:15,1
DA:16,1
DA:19,1
DA:35,2
DA:36,1
DA:38,2
DA:43,2
DA:44,1
DA:46,0
DA:47,0
DA:52,2
DA:53,2
DA:56,2
DA:73,2
DA:76,1
DA:80,1
DA:85,0
DA:86,0
DA:91,1
DA:93,1
DA:94,1
DA:95,1
DA:97,1
DA:103,1
DA:105,1
DA:113,1
DA:115,1
DA:119,1
LF:33
LH:29
BRDA:40,0,0,1
BRDA:40,0,1,1
BRDA:73,1,0,1
BRDA:73,1,1,1
BRDA:82,2,0,0
BRDA:82,2,1,1
BRDA:90,3,0,0
BRF:7
BRH:5
end_of_record
TN:
SF:app\models\teacherModel.js
FN:5,(anonymous_0)
FN:24,(anonymous_1)
FN:31,(anonymous_2)
FNF:3
FNH:3
FNDA:1,(anonymous_0)
FNDA:1,(anonymous_1)
FNDA:2,(anonymous_2)
DA:1,1
DA:3,1
DA:6,1
DA:24,1
DA:32,2
DA:49,2
DA:51,1
DA:58,1
LF:8
LH:8
BRDA:26,0,0,1
BRDA:26,0,1,0
BRDA:49,1,0,1
BRDA:49,1,1,1
BRDA:53,2,0,1
BRDA:53,2,1,0
BRF:6
BRH:4
end_of_record
